:config
{:fonts=>["FiraCode-Regular.ttf", "unifont-15.0.06.ttf", "monospace"]}
[:enforce_height, 19, 0]
RUNNING
:flush
[:should_redraw]
[:enforce_height, 29, 0]
:flush
:flush
["\xE2", #<ArgumentError: invalid byte sequence in UTF-8>, #<UTF8Decoder:0x00007f4c32b4f7c8 @buffer="                                                                                             \e[48m \e[11;1H\e[39;49m \e[38;5;87m \xE2\x80", @last=127, @leftover="">]
WARNING: Should be int
["\x80", #<ArgumentError: invalid byte sequence in UTF-8>, #<UTF8Decoder:0x00007f4c32b4f7c8 @buffer="                                                                                             \e[48m \e[11;1H\e[39;49m \e[38;5;87m \xE2\x80", @last=127, @leftover="">]
WARNING: Should be int
["\xA2", #<ArgumentError: invalid byte sequence in UTF-8>, #<UTF8Decoder:0x00007f4c32b4f7c8 @buffer="\xA2\e[38;5;230m \e[38;5;1;1m(A)\e[38;5;230;22m \e[38;5;0;48;5;11m+Pay\e[38;5;230;49m rest of of Autism fees\e[0m                        ", @last=127, @leftover="">]
WARNING: Should be int
:flush
[:should_redraw]
[:enforce_height, 49, 30]
[:should_redraw]
[:enforce_height, 49, 30]
500
1000
1500
2000
2500
:flush
3000
3500
4000
:flush
4500
5000
5500
6000
6500
7000
:flush
[:enforce_height, 49, 50]
7500
8000
8500
9000
9500
10000
10500
11000
:flush
11500
:flush
#<X11::Form::ButtonPress:0x00007f4c32a9a7b0 @code=4, @detail=1, @sequence_number=1041, @time=396022577, @root=1730, @event=142606336, @child=0, @root_x=573, @root_y=710, @event_x=550, @event_y=687, @state=0, @same_screen=true>
[:btn_event, :digits]
[X11::Form::ButtonPress, false]
"\e[<0;56;35M"
:flush
#<X11::Form::ButtonRelease:0x00007f4c377f8f70 @code=5, @detail=1, @sequence_number=1049, @time=396022697, @root=1730, @event=142606336, @child=0, @root_x=573, @root_y=710, @event_x=550, @event_y=687, @state=256, @same_screen=true>
[:btn_event, :digits]
[X11::Form::ButtonRelease, true]
"\e[<0;56;35m"
:flush
keymap: unknown_100810f4
keymap: unknown_100810f4
keymap: unknown_100810f5
keymap: unknown_100810f5
[";", ":", ";", ":", nil, nil, nil]
[:XK_Up, ""]
12000
:flush
[:XK_Up, ""]
[:XK_Up, ""]
:flush
12500
:flush
[:XK_Up, ""]
:flush
[:XK_Up, ""]
13000
:flush
[:XK_Up, ""]
:flush
[:XK_Up, ""]
13500
[:XK_Up, ""]
:flush
["\xE2", #<ArgumentError: invalid byte sequence in UTF-8>, #<UTF8Decoder:0x00007f4c32b4f7c8 @buffer=";230;49mngress networking files\e[0m                                                 \e[38;5;230;48m \e[28;1H\e[39;49m \e[38;5;87m \xE2\x80", @last=127, @leftover="">]
WARNING: Should be int
["\x80", #<ArgumentError: invalid byte sequence in UTF-8>, #<UTF8Decoder:0x00007f4c32b4f7c8 @buffer=";230;49mngress networking files\e[0m                                                 \e[38;5;230;48m \e[28;1H\e[39;49m \e[38;5;87m \xE2\x80", @last=127, @leftover="">]
WARNING: Should be int
["\xA2", #<ArgumentError: invalid byte sequence in UTF-8>, #<UTF8Decoder:0x00007f4c32b4f7c8 @buffer="\xA2\e[38;5;230m \e[38;5;1;1m(2)\e[38;5;230;22m PlatformIAMService Helm chart \e[38;5;0;48;5;11m+divide\e[0m                            ", @last=127, @leftover="">]
WARNING: Should be int
:flush
[:XK_Up, ""]
14000
:flush
[:XK_Up, ""]
:flush
[:XK_Up, ""]
14500
:flush
[:XK_Up, ""]
[:XK_Up, ""]
:flush
15000
:flush
[:XK_Up, ""]
:flush
[:XK_Up, ""]
15500
:flush
[:XK_Up, ""]
:flush
[:XK_Up, ""]
16000
[:XK_Up, ""]
:flush
:flush
[:XK_Up, ""]
16500
:flush
[:XK_Up, ""]
:flush
[:XK_Up, ""]
17000
:flush
[:XK_Up, ""]
:flush
[:XK_Up, ""]
17500
[:XK_Up, ""]
:flush
:flush
[:XK_Up, ""]
18000
:flush
[:XK_Up, ""]
:flush
[:XK_Up, ""]
18500
:flush
[:XK_Up, ""]
[:XK_Up, ""]
:flush
19000
:flush
[:XK_Up, ""]
:flush
[:XK_Up, ""]
19500
:flush
[:XK_Up, ""]
20000
:flush
[:XK_Up, ""]
[:XK_Up, ""]
:flush
:flush
[:XK_Up, ""]
[:XK_Up, ""]
[:XK_Up, ""]
[:XK_Up, ""]
[:XK_Up, ""]
[:XK_Up, ""]
[:XK_Up, ""]
[:XK_Down, ""]
20500
:flush
[:XK_Down, ""]
:flush
[:XK_Down, ""]
21000
:flush
[:XK_Down, ""]
[:XK_Down, ""]
21500
:flush
[:XK_Down, ""]
:flush
[:XK_Down, ""]
22000
:flush
[:XK_Down, ""]
:flush
[:XK_Down, ""]
22500
[:XK_Down, ""]
:flush
:flush
[:XK_Control_L, ""]
[:XK_Up, ""]
23000
:flush
[:XK_Up, ""]
:flush
:flush
[:XK_Up, ""]
23500
:flush
[:XK_Up, ""]
:flush
[:enter, ""]
24000
24500
:flush
25000
25500
26000
:flush
[:backspace, ""]
:flush
[:XK_Shift_L, ""]
["#", "#"]
26500
:flush
[" ", " "]
:flush
[:XK_Shift_L, ""]
["#", "#"]
:flush
["#", "#"]
27000
:flush
["#", "#"]
:flush
["#", "#"]
:flush
[:XK_Right, ""]
27500
:flush
[:XK_Down, ""]
:flush
[:XK_Down, ""]
28000
:flush
[:XK_Left, ""]
:flush
[:enter, ""]
28500
29000
29500
30000
:flush
:flush
[:XK_Right, ""]
30500
:flush
[:XK_Up, ""]
:flush
[:XK_Shift_L, ""]
[:backspace, ""]
31000
31500
32000
:flush
32500
33000
:flush
[:enter, ""]
33500
34000
:flush
34500
35000
:flush
[:backspace, ""]
:flush
[:backspace, ""]
:flush
[:backspace, ""]
35500
:flush
[:XK_Shift_L, ""]
["#", "#"]
:flush
[:XK_Right, ""]
:flush
[:backspace, ""]
36000
:flush
[:XK_Shift_L, ""]
[" ", " "]
:flush
[:XK_Shift_L, ""]
["#", "#"]
:flush
["#", "#"]
36500
:flush
["#", "#"]
:flush
["#", "#"]
:flush
[:XK_Right, ""]
37000
:flush
[:XK_Up, ""]
:flush
[:XK_Up, ""]
37500
:flush
[:XK_Up, ""]
:flush
[:XK_Up, ""]
38000
:flush
[:XK_Up, ""]
:flush
[:XK_Up, ""]
38500
:flush
[:XK_Up, ""]
39000
:flush
[:enter, ""]
39500
:flush
40000
40500
41000
:flush
[:XK_Shift_L, ""]
["#", "#"]
41500
:flush
[" ", " "]
:flush
[:XK_Shift_L, ""]
["#", "#"]
:flush
["#", "#"]
42000
:flush
["#", "#"]
:flush
["#", "#"]
:flush
[:XK_Right, ""]
42500
:flush
[:XK_Down, ""]
:flush
[:backspace, ""]
43000
43500
44000
44500
:flush
45000
:flush
[:XK_Control_L, ""]
["s", "\x13"]
:flush
[:XK_Right, ""]
45500
:flush
[:XK_Down, ""]
:flush
[:XK_Down, ""]
46000
:flush
[:XK_Down, ""]
46500
:flush
[:XK_Down, ""]
:flush
[:XK_Down, ""]
47000
:flush
[:XK_Down, ""]
:flush
[:XK_Down, ""]
47500
:flush
[:XK_Down, ""]
:flush
[:XK_Down, ""]
48000
:flush
[:XK_Up, ""]
:flush
[:XK_Up, ""]
48500
:flush
[:XK_Up, ""]
:flush
[:XK_Up, ""]
49000
:flush
[:XK_Up, ""]
[:XK_Up, ""]
:flush
49500
[:XK_Up, ""]
:flush
:flush
[:XK_Up, ""]
50000
:flush
[:XK_Up, ""]
:flush
[:XK_Up, ""]
50500
:flush
[:XK_Left, ""]
:flush
[:XK_Shift_L, ""]
["#", "#"]
51000
:flush
["#", "#"]
:flush
["#", "#"]
:flush
["#", "#"]
51500
["#", "#"]
:flush
:flush
["#", "#"]
:flush
["#", "#"]
52000
:flush
["#", "#"]
:flush
["#", "#"]
["#", "#"]
:flush
52500
:flush
["#", "#"]
:flush
["#", "#"]
:flush
["#", "#"]
53000
:flush
["#", "#"]
["#", "#"]
:flush
:flush
["#", "#"]
53500
:flush
["#", "#"]
:flush
["#", "#"]
:flush
["#", "#"]
54000
["#", "#"]
:flush
:flush
["#", "#"]
54500
:flush
["#", "#"]
:flush
["#", "#"]
:flush
["#", "#"]
55000
["#", "#"]
:flush
:flush
["#", "#"]
:flush
["#", "#"]
55500
:flush
["#", "#"]
:flush
["#", "#"]
:flush
["#", "#"]
56000
:flush
["#", "#"]
:flush
["#", "#"]
:flush
[:XK_Down, ""]
56500
:flush
[:XK_Down, ""]
:flush
[:XK_Down, ""]
:flush
57000
:flush
[:XK_Down, ""]
:flush
[:XK_Down, ""]
57500
:flush
[:XK_Shift_L, ""]
["#", "#"]
:flush
["#", "#"]
:flush
["#", "#"]
58000
:flush
["#", "#"]
:flush
["#", "#"]
["#", "#"]
:flush
58500
:flush
["#", "#"]
:flush
["#", "#"]
:flush
["#", "#"]
59000
:flush
["#", "#"]
:flush
["#", "#"]
:flush
59500
:flush
["#", "#"]
:flush
["#", "#"]
:flush
["#", "#"]
60000
:flush
["#", "#"]
:flush
["#", "#"]
:flush
["#", "#"]
60500
:flush
["#", "#"]
:flush
["#", "#"]
:flush
["#", "#"]
61000
["#", "#"]
:flush
["#", "#"]
:flush
:flush
["#", "#"]
61500
:flush
["#", "#"]
:flush
["#", "#"]
:flush
["#", "#"]
62000
["#", "#"]
:flush
:flush
["#", "#"]
:flush
["#", "#"]
62500
:flush
["#", "#"]
["#", "#"]
:flush
["#", "#"]
:flush
63000
:flush
[:XK_Up, ""]
:flush
[:XK_Up, ""]
63500
:flush
:flush
[:XK_Up, ""]
:flush
[:XK_Right, ""]
64000
:flush
[:XK_Left, ""]
:flush
:flush
[:XK_Shift_L, ""]
["#", "#"]
64500
:flush
["#", "#"]
:flush
["#", "#"]
:flush
["#", "#"]
65000
:flush
["#", "#"]
:flush
["#", "#"]
:flush
["#", "#"]
:flush
65500
:flush
["#", "#"]
:flush
["#", "#"]
:flush
["#", "#"]
66000
:flush
["#", "#"]
:flush
["#", "#"]
:flush
["#", "#"]
66500
:flush
["#", "#"]
:flush
["#", "#"]
:flush
["#", "#"]
67000
["#", "#"]
:flush
:flush
["#", "#"]
:flush
["#", "#"]
67500
:flush
["#", "#"]
:flush
["#", "#"]
["#", "#"]
:flush
68000
:flush
["#", "#"]
:flush
["#", "#"]
:flush
["#", "#"]
68500
:flush
["#", "#"]
:flush
["#", "#"]
:flush
["#", "#"]
69000
:flush
["#", "#"]
:flush
["#", "#"]
:flush
["#", "#"]
69500
["#", "#"]
:flush
:flush
["#", "#"]
:flush
[:backspace, ""]
70000
:flush
[:XK_Control_L, ""]
["s", "\x13"]
:flush
[:XK_Right, ""]
:flush
70500
:flush
[:XK_Down, ""]
:flush
[:XK_Down, ""]
71000
:flush
[:XK_Down, ""]
:flush
[:XK_Control_L, ""]
["k", "\v"]
:flush
71500
72000
72500
73000
:flush
[:XK_Down, ""]
:flush
[:XK_Down, ""]
73500
:flush
[:XK_Down, ""]
74000
:flush
[:XK_Shift_L, ""]
["#", "#"]
:flush
[" ", " "]
:flush
[:XK_Shift_L, ""]
["#", "#"]
74500
:flush
["#", "#"]
:flush
["#", "#"]
:flush
["#", "#"]
75000
["#", "#"]
:flush
:flush
["#", "#"]
:flush
["#", "#"]
75500
:flush
["#", "#"]
:flush
["#", "#"]
["#", "#"]
:flush
76000
:flush
["#", "#"]
:flush
["#", "#"]
:flush
["#", "#"]
76500
:flush
["#", "#"]
["#", "#"]
:flush
:flush
["#", "#"]
77000
:flush
["#", "#"]
:flush
["#", "#"]
:flush
["#", "#"]
77500
["#", "#"]
:flush
:flush
["#", "#"]
:flush
["#", "#"]
78000
:flush
["#", "#"]
:flush
["#", "#"]
["#", "#"]
:flush
78500
:flush
["#", "#"]
:flush
["#", "#"]
:flush
["#", "#"]
79000
:flush
["#", "#"]
["#", "#"]
:flush
:flush
["#", "#"]
79500
:flush
["#", "#"]
:flush
["#", "#"]
["#", "#"]
:flush
80000
["#", "#"]
:flush
:flush
["#", "#"]
:flush
[:XK_Right, ""]
80500
:flush
[:XK_Up, ""]
:flush
[:XK_Control_L, ""]
["s", "\x13"]
81000
:flush
[:XK_Down, ""]
:flush
[:XK_Down, ""]
81500
:flush
[:XK_Down, ""]
:flush
[:XK_Down, ""]
82000
:flush
[:XK_Down, ""]
[:XK_Down, ""]
:flush
82500
:flush
[:XK_Down, ""]
:flush
[:XK_Down, ""]
83000
:flush
[:XK_Down, ""]
[:XK_Down, ""]
83500
:flush
[:XK_Down, ""]
:flush
:flush
[:XK_Down, ""]
84000
:flush
[:XK_Down, ""]
:flush
[:XK_Down, ""]
84500
:flush
[:XK_Down, ""]
:flush
[:XK_Down, ""]
:flush
85000
:flush
[:XK_Down, ""]
:flush
[:XK_Down, ""]
85500
:flush
[:XK_Down, ""]
86000
:flush
[:XK_Down, ""]
[:XK_Down, ""]
:flush
86500
:flush
[:XK_Down, ""]
:flush
[:XK_Down, ""]
87000
:flush
[:XK_Down, ""]
:flush
[:XK_Down, ""]
:flush
87500
[:XK_Down, ""]
:flush
[:XK_Down, ""]
88000
:flush
[:XK_Down, ""]
:flush
[:XK_Down, ""]
88500
:flush
[:XK_Down, ""]
:flush
[:XK_Down, ""]
89000
[:XK_Down, ""]
:flush
:flush
[:XK_Down, ""]
89500
:flush
[:XK_Up, ""]
:flush
[:XK_Up, ""]
90000
:flush
[:enter, ""]
90500
:flush
[:backspace, ""]
:flush
[:backspace, ""]
:flush
[:XK_Shift_L, ""]
["#", "#"]
91000
:flush
[" ", " "]
:flush
[:XK_Shift_L, ""]
["#", "#"]
:flush
["#", "#"]
91500
["#", "#"]
:flush
:flush
["#", "#"]
:flush
["#", "#"]
92000
:flush
["#", "#"]
:flush
["#", "#"]
["#", "#"]
:flush
92500
:flush
["#", "#"]
:flush
["#", "#"]
:flush
["#", "#"]
93000
:flush
["#", "#"]
["#", "#"]
:flush
:flush
["#", "#"]
93500
:flush
["#", "#"]
:flush
["#", "#"]
:flush
["#", "#"]
94000
:flush
["#", "#"]
["#", "#"]
:flush
:flush
["#", "#"]
94500
:flush
["#", "#"]
:flush
["#", "#"]
:flush
["#", "#"]
95000
["#", "#"]
:flush
:flush
["#", "#"]
:flush
["#", "#"]
95500
:flush
["#", "#"]
:flush
["#", "#"]
:flush
["#", "#"]
:flush
96000
:flush
["#", "#"]
:flush
["#", "#"]
:flush
["#", "#"]
96500
:flush
["#", "#"]
["#", "#"]
:flush
:flush
["#", "#"]
97000
:flush
["#", "#"]
:flush
["#", "#"]
:flush
["#", "#"]
97500
["#", "#"]
:flush
:flush
["#", "#"]
:flush
["#", "#"]
98000
:flush
["#", "#"]
:flush
["#", "#"]
["#", "#"]
:flush
98500
:flush
["#", "#"]
:flush
["#", "#"]
:flush
["#", "#"]
99000
:flush
["#", "#"]
:flush
["#", "#"]
:flush
["#", "#"]
99500
:flush
[:enter, ""]
:flush
[:XK_Control_L, ""]
["s", "\x13"]
100000
:flush
[:XK_Page_Down, ""]
100500
:flush
101000
101500
:flush
[:XK_Page_Up, ""]
102000
102500
:flush
103000
103500
:flush
[:XK_Page_Up, ""]
[:XK_Up, ""]
104000
:flush
[:XK_Up, ""]
:flush
[:XK_Shift_L, ""]
[:XK_Shift_L, ""]
[:XK_Shift_L, ""]
[:XK_Shift_L, ""]
[:XK_Shift_L, ""]
[:XK_Shift_L, ""]
[:XK_Shift_L, ""]
[:XK_Shift_L, ""]
[:XK_Shift_L, ""]
[:XK_Shift_L, ""]
[:XK_Shift_L, ""]
[:XK_Shift_L, ""]
[:XK_Shift_L, ""]
[:XK_Shift_L, ""]
[:XK_Shift_L, ""]
[:XK_Shift_L, ""]
[:XK_Shift_L, ""]
[:XK_Shift_L, ""]
[:XK_Shift_L, ""]
[:XK_Shift_L, ""]
[:XK_Shift_L, ""]
[:XK_Shift_L, ""]
[:XK_Shift_L, ""]
[:XK_Shift_L, ""]
[:XK_Shift_L, ""]
[:XK_Shift_L, ""]
[:XK_Shift_L, ""]
[:XK_Shift_L, ""]
[:XK_Shift_L, ""]
[:XK_Shift_L, ""]
[:XK_Shift_L, ""]
[:XK_Super_L, ""]
#<X11::Form::ButtonPress:0x00007f4c329a71c8 @code=4, @detail=1, @sequence_number=6954, @time=413236215, @root=1730, @event=142606336, @child=0, @root_x=612, @root_y=171, @event_x=589, @event_y=148, @state=0, @same_screen=true>
[:btn_event, :digits]
[X11::Form::ButtonPress, false]
"\e[<0;59;8M"
104500
:flush
#<X11::Form::ButtonRelease:0x00007f4c32ac74e0 @code=5, @detail=1, @sequence_number=6963, @time=413236359, @root=1730, @event=142606336, @child=0, @root_x=612, @root_y=171, @event_x=589, @event_y=148, @state=256, @same_screen=true>
[:btn_event, :digits]
[X11::Form::ButtonRelease, true]
"\e[<0;59;8m"
:flush
[:XK_Right, ""]
:flush
[:XK_Control_L, ""]
["d", "\x04"]
105000
105500
106000
106500
107000
:flush
:flush
[:XK_Up, ""]
:flush
[:XK_Control_L, ""]
["k", "\v"]
:flush
["k", "\v"]
107500
:flush
108000
108500
109000
109500
:flush
["s", "\x13"]
:flush
[:XK_Super_L, ""]
#<X11::Form::ButtonPress:0x00007f4c32aeaa08 @code=4, @detail=1, @sequence_number=7614, @time=413435229, @root=1730, @event=142606336, @child=0, @root_x=363, @root_y=382, @event_x=340, @event_y=359, @state=0, @same_screen=true>
[:btn_event, :digits]
[X11::Form::ButtonPress, false]
"\e[<0;35;18M"
:flush
#<X11::Form::ButtonRelease:0x00007f4c32ae0508 @code=5, @detail=1, @sequence_number=7627, @time=413435381, @root=1730, @event=142606336, @child=0, @root_x=363, @root_y=382, @event_x=340, @event_y=359, @state=256, @same_screen=true>
[:btn_event, :digits]
[X11::Form::ButtonRelease, true]
"\e[<0;35;18m"
110000
:flush
[:XK_Page_Down, ""]
110500
:flush
["\xE2", #<ArgumentError: invalid byte sequence in UTF-8>, #<UTF8Decoder:0x00007f4c32b4f7c8 @buffer="sting (minecraft)\e[0m                                                             \e[38;5;230;48m \e[20;1H\e[39;49m \e[38;5;87m   \xE2\x80", @last=127, @leftover="">]
WARNING: Should be int
["\x80", #<ArgumentError: invalid byte sequence in UTF-8>, #<UTF8Decoder:0x00007f4c32b4f7c8 @buffer="sting (minecraft)\e[0m                                                             \e[38;5;230;48m \e[20;1H\e[39;49m \e[38;5;87m   \xE2\x80", @last=127, @leftover="">]
WARNING: Should be int
["\xA2", #<ArgumentError: invalid byte sequence in UTF-8>, #<UTF8Decoder:0x00007f4c32b4f7c8 @buffer="\xA2\e[38;5;230m Roblox?\e[0m                                                                             \e[38;5;230;48m \e[21;1H\e[39;", @last=127, @leftover="">]
WARNING: Should be int
111000
111500
112000
:flush
[:XK_Page_Up, ""]
112500
113000
113500
["\xE2", #<ArgumentError: invalid byte sequence in UTF-8>, #<UTF8Decoder:0x00007f4c32b4f7c8 @buffer="generated\e[38;5;87;1m.\e[0m                                                         \e[38;5;87;48;1m \e[40;1H\e[39;49m \e[38;5;87m \xE2\x80", @last=127, @leftover="">]
WARNING: Should be int
["\x80", #<ArgumentError: invalid byte sequence in UTF-8>, #<UTF8Decoder:0x00007f4c32b4f7c8 @buffer="generated\e[38;5;87;1m.\e[0m                                                         \e[38;5;87;48;1m \e[40;1H\e[39;49m \e[38;5;87m \xE2\x80", @last=127, @leftover="">]
WARNING: Should be int
["\xA2", #<ArgumentError: invalid byte sequence in UTF-8>, #<UTF8Decoder:0x00007f4c32b4f7c8 @buffer="\xA2\e[38;5;230m \e[38;5;88;1m(4)\e[38;5;230;22m Library chart\e[0m                                                                    ", @last=127, @leftover="">]
WARNING: Should be int
:flush
[:XK_Page_Up, ""]
[:XK_Up, ""]
114000
:flush
[:XK_Up, ""]
:flush
[:XK_Up, ""]
114500
:flush
[:XK_Up, ""]
:flush
:flush
[:XK_Page_Down, ""]
115000
115500
116000
:flush
116500
:flush
[:XK_Down, ""]
117000
:flush
[:XK_Page_Down, ""]
117500
118000
118500
:flush
["\xE2", #<ArgumentError: invalid byte sequence in UTF-8>, #<UTF8Decoder:0x00007f4c32b4f7c8 @buffer="ick through every LinkedIn connection (or automate; but be careful)\e[0m             \e[38;5;230;48m \e[48;1H\e[39;49m \e[38;5;87m \xE2\x80", @last=127, @leftover="">]
WARNING: Should be int
["\x80", #<ArgumentError: invalid byte sequence in UTF-8>, #<UTF8Decoder:0x00007f4c32b4f7c8 @buffer="ick through every LinkedIn connection (or automate; but be careful)\e[0m             \e[38;5;230;48m \e[48;1H\e[39;49m \e[38;5;87m \xE2\x80", @last=127, @leftover="">]
WARNING: Should be int
["\xA2", #<ArgumentError: invalid byte sequence in UTF-8>, #<UTF8Decoder:0x00007f4c32b4f7c8 @buffer="\xA2\e[38;5;230m \e[38;5;200m@RE\e[38;5;230m recognize shift + enter as soft break.\e[0m                                            \e[3", @last=127, @leftover="">]
WARNING: Should be int
:flush
[:XK_Down, ""]
119000
:flush
[:XK_Down, ""]
[:XK_Down, ""]
:flush
119500
[:XK_Down, ""]
:flush
:flush
[:XK_Down, ""]
120000
:flush
[:XK_Down, ""]
:flush
[:XK_Down, ""]
120500
:flush
[:XK_Down, ""]
:flush
[:XK_Down, ""]
:flush
121000
:flush
[:XK_Down, ""]
:flush
[:XK_Down, ""]
121500
:flush
[:XK_Down, ""]
:flush
[:XK_Down, ""]
:flush
122000
[:XK_Down, ""]
:flush
:flush
[:XK_Down, ""]
122500
:flush
[:XK_Down, ""]
123000
:flush
[:XK_Down, ""]
:flush
[:XK_Down, ""]
123500
[:XK_Down, ""]
:flush
:flush
[:XK_Down, ""]
124000
:flush
[:XK_Down, ""]
:flush
[:XK_Down, ""]
124500
:flush
[:XK_Down, ""]
:flush
[:XK_Down, ""]
125000
:flush
[:enter, ""]
:flush
125500
:flush
[:XK_Up, ""]
:flush
[:tab, ""]
:flush
[:XK_Shift_L, ""]
["*", "*"]
126000
:flush
[:backspace, ""]
:flush
[:backspace, ""]
:flush
[:backspace, ""]
126500
127000
:flush
[:XK_Up, ""]
:flush
[:enter, ""]
127500
:flush
[:backspace, ""]
128000
:flush
[:backspace, ""]
:flush
[:XK_Shift_L, ""]
["*", "*"]
:flush
[" ", " "]
128500
:flush
[:XK_Shift_L, ""]
["(", "("]
:flush
["E", "E"]
:flush
[")", ")"]
129000
:flush
[" ", " "]
:flush
[:XK_Shift_L, ""]
["B", "B"]
:flush
["e", "e"]
129500
:flush
["t", "t"]
:flush
["t", "t"]
:flush
["e", "e"]
130000
:flush
["r", "r"]
:flush
[" ", " "]
:flush
["h", "h"]
130500
:flush
["a", "a"]
:flush
["n", "n"]
:flush
["d", "d"]
131000
:flush
["l", "l"]
:flush
["i", "i"]
:flush
["n", "n"]
131500
:flush
["g", "g"]
:flush
[" ", " "]
:flush
["o", "o"]
132000
:flush
["f", "f"]
:flush
[" ", " "]
:flush
["p", "p"]
132500
:flush
["l", "l"]
:flush
["a", "a"]
:flush
["c", "c"]
133000
:flush
["e", "e"]
:flush
["m", "m"]
133500
:flush
["e", "e"]
:flush
["n", "n"]
:flush
["t", "t"]
134000
:flush
["s", "s"]
:flush
[:backspace, ""]
:flush
[:backspace, ""]
134500
:flush
[:backspace, ""]
[:backspace, ""]
:flush
:flush
[:backspace, ""]
:flush
[:backspace, ""]
135000
:flush
[:backspace, ""]
:flush
[:backspace, ""]
[:backspace, ""]
:flush
135500
:flush
[:backspace, ""]
:flush
[:XK_Shift_L, ""]
["\"", "\""]
:flush
["r", "r"]
136000
:flush
["e", "e"]
:flush
:flush
["s", "s"]
:flush
["e", "e"]
136500
:flush
["t", "t"]
:flush
["t", "t"]
:flush
["i", "i"]
137000
:flush
["n", "n"]
:flush
["g", "g"]
:flush
[:XK_Shift_L, ""]
["\"", "\""]
137500
:flush
[" ", " "]
:flush
["p", "p"]
:flush
["l", "l"]
138000
:flush
["a", "a"]
:flush
["c", "c"]
:flush
["e", "e"]
138500
:flush
["m", "m"]
:flush
["e", "e"]
:flush
["n", "n"]
139000
:flush
["t", "t"]
:flush
:flush
["s", "s"]
:flush
[:XK_Up, ""]
139500
:flush
[:XK_Right, ""]
:flush
[:XK_Right, ""]
140000
[:XK_Right, ""]
:flush
:flush
[:XK_Right, ""]
:flush
[:XK_Right, ""]
140500
:flush
[:XK_Right, ""]
[:XK_Right, ""]
:flush
[:XK_Right, ""]
141000
:flush
[:XK_Control_L, ""]
["k", "\v"]
:flush
[:XK_Shift_L, ""]
["A", "A"]
:flush
["b", "b"]
141500
:flush
["i", "i"]
:flush
["l", "l"]
:flush
["i", "i"]
142000
:flush
["t", "t"]
:flush
["y", "y"]
:flush
[" ", " "]
142500
:flush
["t", "t"]
:flush
["o", "o"]
:flush
[" ", " "]
143000
:flush
[:XK_Shift_L, ""]
["\"", "\""]
:flush
["r", "r"]
:flush
["e", "e"]
143500
:flush
["s", "s"]
:flush
["e", "e"]
:flush
["t", "t"]
144000
:flush
[:XK_Shift_L, ""]
["\"", "\""]
:flush
[" ", " "]
:flush
["p", "p"]
144500
:flush
["l", "l"]
:flush
["a", "a"]
:flush
["c", "c"]
145000
:flush
["e", "e"]
:flush
["m", "m"]
:flush
["e", "e"]
145500
:flush
["n", "n"]
:flush
["t", "t"]
:flush
["s", "s"]
146000
:flush
["/", "/"]
:flush
["l", "l"]
:flush
["a", "a"]
146500
:flush
["y", "y"]
:flush
["o", "o"]
147000
:flush
["u", "u"]
:flush
["t", "t"]
:flush
["s", "s"]
147500
:flush
[:enter, ""]
148000
:flush
[:XK_Shift_L, ""]
["(", "("]
:flush
["E", "E"]
:flush
[")", ")"]
148500
:flush
[:XK_Up, ""]
:flush
[:XK_Right, ""]
149000
:flush
[:XK_Shift_L, ""]
["@", "@"]
:flush
["r", "r"]
:flush
["u", "u"]
:flush
[:backspace, ""]
149500
:flush
[:backspace, ""]
:flush
["u", "u"]
:flush
["r", "r"]
:flush
[:backspace, ""]
150000
:flush
[:backspace, ""]
:flush
["r", "r"]
:flush
["u", "u"]
:flush
["b", "b"]
150500
:flush
["y", "y"]
:flush
["w", "w"]
:flush
["m", "m"]
:flush
[" ", " "]
151000
:flush
[:XK_Down, ""]
:flush
[:XK_Shift_L, ""]
["@", "@"]
:flush
151500
:flush
[:backspace, ""]
:flush
[" ", " "]
:flush
[:XK_Shift_L, ""]
["@", "@"]
152000
:flush
["d", "d"]
:flush
["e", "e"]
:flush
["b", "b"]
152500
:flush
["u", "u"]
:flush
["g", "g"]
:flush
[" ", " "]
153000
:flush
[:backspace, ""]
:flush
:flush
[:backspace, ""]
:flush
[:backspace, ""]
153500
:flush
[:backspace, ""]
:flush
[:backspace, ""]
:flush
:flush
[:backspace, ""]
154000
:flush
["r", "r"]
:flush
["u", "u"]
:flush
["b", "b"]
154500
:flush
["y", "y"]
:flush
["w", "w"]
:flush
["m", "m"]
155000
:flush
[" ", " "]
:flush
[:XK_Shift_L, ""]
["+", "+"]
:flush
["d", "d"]
155500
:flush
["e", "e"]
:flush
["b", "b"]
:flush
["u", "u"]
156000
:flush
["g", "g"]
:flush
[" ", " "]
:flush
["a", "a"]
156500
:flush
["b", "b"]
:flush
["i", "i"]
:flush
["l", "l"]
:flush
157000
:flush
["i", "i"]
:flush
["t", "t"]
:flush
["y", "y"]
157500
:flush
[" ", " "]
:flush
["t", "t"]
:flush
["o", "o"]
158000
:flush
[" ", " "]
:flush
["e", "e"]
:flush
["n", "n"]
158500
:flush
["a", "a"]
:flush
["b", "b"]
:flush
["l", "l"]
159000
:flush
["e", "e"]
:flush
[" ", " "]
:flush
[:XK_Shift_L, ""]
["D", "D"]
159500
:flush
["r", "r"]
:flush
[:XK_Shift_L, ""]
["B", "B"]
:flush
[:XK_Super_L, ""]
#<X11::Form::ButtonPress:0x00007f4c32952ee8 @code=4, @detail=1, @sequence_number=11844, @time=413746834, @root=1730, @event=142606336, @child=0, @root_x=688, @root_y=386, @event_x=665, @event_y=363, @state=0, @same_screen=true>
[:btn_event, :digits]
[X11::Form::ButtonPress, false]
"\e[<0;67;19M"
160000
:flush
#<X11::Form::ButtonRelease:0x00007f4c32986220 @code=5, @detail=1, @sequence_number=11853, @time=413746938, @root=1730, @event=142606336, @child=0, @root_x=688, @root_y=386, @event_x=665, @event_y=363, @state=256, @same_screen=true>
[:btn_event, :digits]
[X11::Form::ButtonRelease, true]
"\e[<0;67;19m"
:flush
[:XK_Up, ""]
:flush
[:XK_Up, ""]
160500
:flush
[:XK_Up, ""]
161000
[:XK_Up, ""]
:flush
:flush
[:XK_Up, ""]
161500
:flush
[:XK_Up, ""]
:flush
[:XK_Up, ""]
162000
:flush
[:XK_Up, ""]
:flush
[:XK_Up, ""]
162500
[:XK_Up, ""]
:flush
:flush
[:XK_Up, ""]
163000
:flush
[:XK_Up, ""]
:flush
[:XK_Up, ""]
163500
:flush
[:XK_Up, ""]
[:XK_Up, ""]
:flush
164000
:flush
[:XK_Up, ""]
["\xE2", #<ArgumentError: invalid byte sequence in UTF-8>, #<UTF8Decoder:0x00007f4c32b4f7c8 @buffer="5;230m Ability to save/load current layout per-desktop\e[0m                           \e[38;5;230;48m \e[4;1H\e[39;49m \e[38;5;87m \xE2\x80", @last=127, @leftover="">]
WARNING: Should be int
["\x80", #<ArgumentError: invalid byte sequence in UTF-8>, #<UTF8Decoder:0x00007f4c32b4f7c8 @buffer="5;230m Ability to save/load current layout per-desktop\e[0m                           \e[38;5;230;48m \e[4;1H\e[39;49m \e[38;5;87m \xE2\x80", @last=127, @leftover="">]
WARNING: Should be int
["\xA2", #<ArgumentError: invalid byte sequence in UTF-8>, #<UTF8Decoder:0x00007f4c32b4f7c8 @buffer="\xA2\e[38;5;230m \e[38;5;10;1m(E)\e[38;5;230;22m Restore my workdir renaming\e[0m                                                      ", @last=127, @leftover="">]
WARNING: Should be int
:flush
[:XK_Up, ""]
164500
165000
:flush
165500
166000
[:XK_Up, ""]
:flush
166500
167000
167500
[:XK_Up, ""]
:flush
168000
168500
169000
[:XK_Up, ""]
169500
:flush
170000
170500
171000
171500
:flush
[:XK_Up, ""]
172000
172500
173000
:flush
173500
[:XK_Up, ""]
174000
174500
:flush
175000
[:XK_Up, ""]
175500
:flush
176000
176500
177000
[:XK_Up, ""]
:flush
177500
["\xE2", #<ArgumentError: invalid byte sequence in UTF-8>, #<UTF8Decoder:0x00007f4c32b4f7c8 @buffer="rapy \e[38;5;0;48;5;11m+Email\e[0m                                                      \e[38;5;0;48m \e[19;1H\e[39;49m \e[38;5;87m \xE2\x80", @last=127, @leftover="">]
WARNING: Should be int
["\x80", #<ArgumentError: invalid byte sequence in UTF-8>, #<UTF8Decoder:0x00007f4c32b4f7c8 @buffer="rapy \e[38;5;0;48;5;11m+Email\e[0m                                                      \e[38;5;0;48m \e[19;1H\e[39;49m \e[38;5;87m \xE2\x80", @last=127, @leftover="">]
WARNING: Should be int
["\xA2", #<ArgumentError: invalid byte sequence in UTF-8>, #<UTF8Decoder:0x00007f4c32b4f7c8 @buffer="\xA2\e[38;5;230m \e[38;5;10;1m(E)\e[38;5;230;22m My \"weekly.rb\" script should be modified to insert\e[0m                               ", @last=127, @leftover="">]
WARNING: Should be int
178000
178500
[:XK_Up, ""]
:flush
179000
179500
180000
["\xE2", #<ArgumentError: invalid byte sequence in UTF-8>, #<UTF8Decoder:0x00007f4c32b4f7c8 @buffer="s://coinmarketcap.com/api/documentation/v1/#section/Quick-Start-Guide\e[0m           \e[38;5;230;48m \e[42;1H\e[39;49m \e[38;5;87m \xE2\x80", @last=127, @leftover="">]
WARNING: Should be int
["\x80", #<ArgumentError: invalid byte sequence in UTF-8>, #<UTF8Decoder:0x00007f4c32b4f7c8 @buffer="s://coinmarketcap.com/api/documentation/v1/#section/Quick-Start-Guide\e[0m           \e[38;5;230;48m \e[42;1H\e[39;49m \e[38;5;87m \xE2\x80", @last=127, @leftover="">]
WARNING: Should be int
["\xA2", #<ArgumentError: invalid byte sequence in UTF-8>, #<UTF8Decoder:0x00007f4c32b4f7c8 @buffer="\xA2\e[38;5;230m \e[38;5;10;1m(E)\e[38;5;230;22m Bring in calendar events to the \e[38;5;200mTODO\e[38;5;230m list.\e[0m                 ", @last=127, @leftover="">]
WARNING: Should be int
180500
[:XK_Up, ""]
:flush
181000
181500
182000
:flush
182500
:flush
[:XK_Up, ""]
183000
183500
:flush
184000
:flush
[:XK_Up, ""]
184500
:flush
185000
185500
["\xE2", #<ArgumentError: invalid byte sequence in UTF-8>, #<UTF8Decoder:0x00007f4c32b4f7c8 @buffer="m*clear*\e[38;5;230;24m guttering instead of filling it?\e[0m                         \e[38;5;230;48m \e[38;1H\e[39;49m \e[38;5;87m \xE2\x80", @last=127, @leftover="">]
WARNING: Should be int
["\x80", #<ArgumentError: invalid byte sequence in UTF-8>, #<UTF8Decoder:0x00007f4c32b4f7c8 @buffer="m*clear*\e[38;5;230;24m guttering instead of filling it?\e[0m                         \e[38;5;230;48m \e[38;1H\e[39;49m \e[38;5;87m \xE2\x80", @last=127, @leftover="">]
WARNING: Should be int
["\xA2", #<ArgumentError: invalid byte sequence in UTF-8>, #<UTF8Decoder:0x00007f4c32b4f7c8 @buffer="\xA2\e[38;5;230m \e[38;5;10;1m(E)\e[38;5;230;22m \e[38;5;200m@rterm\e[38;5;230m Experiment with \e[39;4m*some*\e[38;5;230;24m translucency", @last=127, @leftover="">]
WARNING: Should be int
:flush
[:XK_Up, ""]
186000
["\xE2", #<ArgumentError: invalid byte sequence in UTF-8>, #<UTF8Decoder:0x00007f4c32b4f7c8 @buffer="                                                        \e[48m \e[3;1H\e[39;49m \e[38;2;255;255;255;48;2;128;32;128m \e[38;5;87;49m\xE2\x80", @last=127, @leftover="">]
WARNING: Should be int
["\x80", #<ArgumentError: invalid byte sequence in UTF-8>, #<UTF8Decoder:0x00007f4c32b4f7c8 @buffer="                                                        \e[48m \e[3;1H\e[39;49m \e[38;2;255;255;255;48;2;128;32;128m \e[38;5;87;49m\xE2\x80", @last=127, @leftover="">]
WARNING: Should be int
["\xA2", #<ArgumentError: invalid byte sequence in UTF-8>, #<UTF8Decoder:0x00007f4c32b4f7c8 @buffer="\xA2\e[38;5;230m \e[38;5;10;1m(E)\e[38;5;230;22m \e[38;5;200m@P\e[38;5;230m Write \e[38;5;0;48;5;11m+Compiler\e[38;5;230;49m article on ty", @last=127, @leftover="">]
WARNING: Should be int
186500
187000
["\xE2", #<ArgumentError: invalid byte sequence in UTF-8>, #<UTF8Decoder:0x00007f4c32b4f7c8 @buffer="230m: Support hardstatus line and make it work with screen\e[0m                      \e[38;5;230;48m \e[34;1H\e[39;49m \e[38;5;87m \xE2\x80", @last=127, @leftover="">]
WARNING: Should be int
["\x80", #<ArgumentError: invalid byte sequence in UTF-8>, #<UTF8Decoder:0x00007f4c32b4f7c8 @buffer="230m: Support hardstatus line and make it work with screen\e[0m                      \e[38;5;230;48m \e[34;1H\e[39;49m \e[38;5;87m \xE2\x80", @last=127, @leftover="">]
WARNING: Should be int
["\xA2", #<ArgumentError: invalid byte sequence in UTF-8>, #<UTF8Decoder:0x00007f4c32b4f7c8 @buffer="\xA2\e[38;5;230m \e[38;5;200m@Rterm\e[38;5;230m/\e[38;5;200m@Re\e[38;5;230m: Ability to open windows of desired size, maybe based on\e[0m", @last=127, @leftover="">]
WARNING: Should be int
:flush
187500
:flush
[:XK_Up, ""]
:flush
188000
["\xE2", #<ArgumentError: invalid byte sequence in UTF-8>, #<UTF8Decoder:0x00007f4c32b4f7c8 @buffer="0m Double buffering support directly in the Window class.\e[0m                       \e[38;5;230;48m \e[17;1H\e[39;49m \e[38;5;87m \xE2\x80", @last=127, @leftover="">]
WARNING: Should be int
["\x80", #<ArgumentError: invalid byte sequence in UTF-8>, #<UTF8Decoder:0x00007f4c32b4f7c8 @buffer="0m Double buffering support directly in the Window class.\e[0m                       \e[38;5;230;48m \e[17;1H\e[39;49m \e[38;5;87m \xE2\x80", @last=127, @leftover="">]
WARNING: Should be int
["\xA2", #<ArgumentError: invalid byte sequence in UTF-8>, #<UTF8Decoder:0x00007f4c32b4f7c8 @buffer="\xA2\e[38;5;230m \e[38;5;10;1m(E)\e[38;5;230;22m \e[38;5;200m@rubywm\e[38;5;230m Ability to save/load current layout per-desktop\e[0m    ", @last=127, @leftover="">]
WARNING: Should be int
188500
189000
:flush
[:XK_Up, ""]
189500
190000
190500
:flush
191000
:flush
[:XK_Up, ""]
191500
192000
192500
:flush
:flush
[:XK_Up, ""]
193000
193500
194000
:flush
194500
:flush
[:XK_Up, ""]
195000
:flush
195500
196000
:flush
[:XK_Up, ""]
196500
197000
197500
198000
:flush
[:XK_Up, ""]
198500
:flush
199000
199500
:flush
[:XK_Up, ""]
:flush
200000
200500
201000
[:XK_Up, ""]
201500
:flush
202000
202500
203000
[:XK_Up, ""]
:flush
203500
204000
204500
205000
:flush
:flush
[:XK_Up, ""]
205500
:flush
206000
206500
207000
:flush
[:XK_Up, ""]
207500
208000
:flush
208500
:flush
[:XK_Super_L, ""]
FIXME: Event: 34
EVENT: "\"\x008Z\x01\b\xF8\x00\x00\x00\x00\x00\x00\x00\x00\x00\x00\x00\x00\x00\x00\x00\x00\x00\x00\x00\x00\x00\x00\x00\x00\x00"
FIXME: Event: 34
EVENT: "\"\x008Z\x00\x00\x00\x00\x00\x00\x00\x00\x00\x00\x00\x00\x00\x00\x00\x00\x00\x00\x00\x00\x00\x00\x00\x00\x00\x00\x00\x00"
#<X11::Form::ButtonPress:0x00007f4c3298faa0 @code=4, @detail=1, @sequence_number=23096, @time=473130129, @root=1730, @event=142606336, @child=0, @root_x=636, @root_y=627, @event_x=613, @event_y=604, @state=0, @same_screen=true>
[:btn_event, :digits]
[X11::Form::ButtonPress, false]
"\e[<0;62;31M"
209000
#<X11::Form::MotionNotify:0x00007f4c377f8b10 @code=6, @detail=0, @sequence_number=23096, @time=473130144, @root=1730, @event=142606336, @child=0, @root_x=636, @root_y=627, @event_x=613, @event_y=604, @state=256, @same_screen=true>
[:btn_event, :digits]
[X11::Form::MotionNotify, false]
"\e[<32;62;31M"
:flush
#<X11::Form::ButtonRelease:0x00007f4c3298bc20 @code=5, @detail=1, @sequence_number=23103, @time=473130224, @root=1730, @event=142606336, @child=0, @root_x=636, @root_y=627, @event_x=613, @event_y=604, @state=256, @same_screen=true>
[:btn_event, :digits]
[X11::Form::ButtonRelease, true]
"\e[<0;62;31m"
:flush
[:XK_Page_Up, ""]
:flush
209500
["\xE2", #<ArgumentError: invalid byte sequence in UTF-8>, #<UTF8Decoder:0x00007f4c32b4f7c8 @buffer="t secrets.\e[0m                                                                    \e[38;5;230;48m \e[11;1H\e[39;49m \e[38;5;87m   \xE2\x80", @last=127, @leftover="">]
WARNING: Should be int
["\x80", #<ArgumentError: invalid byte sequence in UTF-8>, #<UTF8Decoder:0x00007f4c32b4f7c8 @buffer="t secrets.\e[0m                                                                    \e[38;5;230;48m \e[11;1H\e[39;49m \e[38;5;87m   \xE2\x80", @last=127, @leftover="">]
WARNING: Should be int
["\xA2", #<ArgumentError: invalid byte sequence in UTF-8>, #<UTF8Decoder:0x00007f4c32b4f7c8 @buffer="\xA2\e[38;5;230m Figure out how to handle saml-keystore and startup.yml secrets.\e[0m                     \e[38;5;230;48m \e[12;1H\e[39;", @last=127, @leftover="">]
WARNING: Should be int
210000
210500
211000
:flush
[:XK_Page_Up, ""]
211500
:flush
212000
212500
213000
:flush
[:XK_Up, ""]
213500
:flush
[:XK_Up, ""]
:flush
[:XK_Up, ""]
214000
:flush
[:XK_Up, ""]
[:XK_Up, ""]
:flush
214500
:flush
[:XK_Up, ""]
:flush
[:XK_Up, ""]
215000
:flush
[:XK_Up, ""]
:flush
[:XK_Up, ""]
215500
[:XK_Up, ""]
:flush
:flush
[:XK_Up, ""]
:flush
216000
[:XK_Up, ""]
:flush
[:XK_Up, ""]
216500
:flush
[:XK_Up, ""]
[:XK_Up, ""]
:flush
217000
:flush
[:XK_Up, ""]
:flush
[:XK_Up, ""]
217500
:flush
[:XK_Up, ""]
:flush
[:XK_Up, ""]
218000
:flush
[:XK_Up, ""]
218500
:flush
[:XK_Up, ""]
:flush
[:XK_Up, ""]
219000
:flush
[:XK_Up, ""]
:flush
[:XK_Up, ""]
219500
:flush
[:XK_Down, ""]
:flush
[:XK_Down, ""]
220000
:flush
[:XK_Down, ""]
:flush
[:XK_Down, ""]
220500
:flush
[:XK_Down, ""]
:flush
[:XK_Down, ""]
221000
:flush
[:XK_Down, ""]
:flush
[:XK_Up, ""]
221500
:flush
[:XK_Up, ""]
:flush
[:XK_Control_L, ""]
["k", "\v"]
222000
:flush
["k", "\v"]
222500
223000
223500
:flush
[:XK_Down, ""]
224000
:flush
[:XK_Down, ""]
:flush
[:XK_Down, ""]
:flush
224500
[:XK_Down, ""]
:flush
:flush
[:XK_Down, ""]
225000
[:XK_Down, ""]
:flush
[:XK_Down, ""]
225500
:flush
[:XK_Down, ""]
:flush
[:XK_Down, ""]
226000
:flush
[:XK_Down, ""]
:flush
[:XK_Down, ""]
226500
:flush
[:XK_Down, ""]
:flush
[:XK_Down, ""]
227000
[:XK_Down, ""]
:flush
:flush
[:XK_Down, ""]
227500
:flush
[:XK_Down, ""]
:flush
[:XK_Down, ""]
228000
:flush
[:XK_Down, ""]
228500
[:XK_Down, ""]
:flush
:flush
[:XK_Down, ""]
229000
:flush
[:XK_Down, ""]
:flush
[:XK_Down, ""]
229500
:flush
[:XK_Down, ""]
[:XK_Down, ""]
:flush
230000
:flush
[:XK_Down, ""]
:flush
[:XK_Down, ""]
230500
:flush
[:XK_Down, ""]
:flush
[:XK_Down, ""]
231000
[:XK_Down, ""]
:flush
:flush
[:XK_Down, ""]
231500
:flush
[:XK_Down, ""]
:flush
[:XK_Down, ""]
232000
:flush
[:XK_Down, ""]
:flush
[:XK_Down, ""]
232500
:flush
[:XK_Control_L, ""]
["y", "\x19"]
:flush
[:XK_Control_L, ""]
["s", "\x13"]
233000
:flush
[:XK_Up, ""]
:flush
[:XK_Up, ""]
233500
:flush
[:XK_Up, ""]
:flush
[:XK_Up, ""]
234000
:flush
[:XK_Up, ""]
[:XK_Up, ""]
:flush
234500
:flush
[:XK_Up, ""]
:flush
[:XK_Up, ""]
235000
:flush
[:XK_Up, ""]
:flush
[:XK_Up, ""]
235500
:flush
[:XK_Up, ""]
:flush
236000
:flush
[:XK_Up, ""]
:flush
[:XK_Up, ""]
236500
:flush
[:XK_Up, ""]
:flush
[:XK_Up, ""]
237000
:flush
[:XK_Up, ""]
:flush
[:XK_Up, ""]
237500
:flush
[:XK_Up, ""]
:flush
[:XK_Up, ""]
238000
:flush
[:XK_Up, ""]
[:XK_Up, ""]
:flush
238500
:flush
[:XK_Up, ""]
:flush
[:XK_Up, ""]
239000
:flush
[:XK_Up, ""]
:flush
[:XK_Up, ""]
239500
:flush
[:XK_Up, ""]
[:XK_Up, ""]
:flush
240000
:flush
[:XK_Up, ""]
:flush
[:XK_Up, ""]
240500
:flush
[:XK_Up, ""]
[:XK_Up, ""]
:flush
241000
[:XK_Up, ""]
:flush
241500
:flush
[:XK_Up, ""]
:flush
[:XK_Up, ""]
242000
:flush
[:XK_Up, ""]
:flush
[:XK_Up, ""]
242500
[:XK_Up, ""]
:flush
:flush
[:XK_Up, ""]
243000
:flush
[:XK_Up, ""]
:flush
[:XK_Up, ""]
243500
:flush
[:XK_Up, ""]
[:XK_Up, ""]
:flush
244000
:flush
[:XK_Up, ""]
:flush
[:XK_Up, ""]
244500
:flush
[:XK_Up, ""]
:flush
[:XK_Up, ""]
245000
[:XK_Up, ""]
:flush
[:XK_Up, ""]
[:XK_Up, ""]
[:XK_Up, ""]
[:XK_Up, ""]
[:XK_Up, ""]
[:XK_Up, ""]
[:XK_Up, ""]
[:XK_Up, ""]
[:XK_Up, ""]
[:XK_Down, ""]
:flush
[:XK_Down, ""]
245500
:flush
[:XK_Down, ""]
:flush
[:XK_Down, ""]
246000
:flush
[:XK_Down, ""]
[:XK_Down, ""]
:flush
246500
[:XK_Down, ""]
:flush
:flush
[:XK_Down, ""]
247000
:flush
[:XK_Down, ""]
:flush
[:XK_Down, ""]
:flush
247500
[:XK_Down, ""]
:flush
[:XK_Down, ""]
:flush
248000
:flush
[:XK_Up, ""]
:flush
[:XK_Up, ""]
248500
:flush
[:XK_Up, ""]
:flush
[:XK_Up, ""]
249000
:flush
[:XK_Up, ""]
:flush
[:XK_Control_L, ""]
["k", "\v"]
249500
:flush
:flush
["k", "\v"]
250000
250500
251000
:flush
251500
:flush
[:XK_Down, ""]
:flush
[:XK_Down, ""]
252000
:flush
[:XK_Down, ""]
:flush
[:XK_Down, ""]
252500
:flush
[:XK_Down, ""]
[:XK_Down, ""]
:flush
253000
:flush
[:XK_Down, ""]
:flush
[:XK_Down, ""]
253500
:flush
[:XK_Down, ""]
:flush
[:XK_Down, ""]
254000
[:XK_Down, ""]
:flush
:flush
[:XK_Down, ""]
254500
:flush
[:XK_Down, ""]
:flush
[:XK_Down, ""]
255000
:flush
[:XK_Down, ""]
[:XK_Down, ""]
:flush
255500
:flush
[:XK_Down, ""]
:flush
[:XK_Down, ""]
256000
:flush
[:XK_Down, ""]
:flush
[:XK_Down, ""]
256500
[:XK_Down, ""]
:flush
257000
:flush
[:XK_Down, ""]
:flush
[:XK_Down, ""]
257500
:flush
[:XK_Down, ""]
:flush
[:XK_Down, ""]
258000
[:XK_Down, ""]
:flush
:flush
[:XK_Down, ""]
258500
:flush
[:XK_Down, ""]
:flush
[:XK_Down, ""]
259000
:flush
[:XK_Down, ""]
[:XK_Down, ""]
:flush
259500
:flush
[:XK_Down, ""]
:flush
[:XK_Down, ""]
260000
:flush
[:XK_Down, ""]
:flush
[:XK_Down, ""]
260500
[:XK_Down, ""]
:flush
:flush
[:XK_Up, ""]
261000
:flush
[:XK_Up, ""]
:flush
[:enter, ""]
261500
:flush
:flush
[:backspace, ""]
262000
:flush
[:backspace, ""]
:flush
[:XK_Control_L, ""]
["y", "\x19"]
262500
:flush
[:XK_Up, ""]
:flush
[:XK_Up, ""]
263000
:flush
[:XK_Right, ""]
:flush
[:XK_Right, ""]
263500
:flush
[:XK_Right, ""]
:flush
[:XK_Right, ""]
:flush
[:XK_Right, ""]
264000
:flush
[:backspace, ""]
["5", "5"]
:flush
:flush
[:XK_Up, ""]
264500
:flush
[:XK_Up, ""]
:flush
[:XK_Up, ""]
265000
:flush
[:XK_Up, ""]
:flush
[:XK_Up, ""]
265500
[:XK_Up, ""]
:flush
:flush
[:XK_Up, ""]
266000
:flush
[:XK_Up, ""]
[:XK_Up, ""]
266500
:flush
[:XK_Up, ""]
[:XK_Up, ""]
:flush
267000
:flush
[:XK_Up, ""]
:flush
[:XK_Up, ""]
267500
:flush
[:XK_Up, ""]
268000
:flush
[:XK_Up, ""]
[:XK_Up, ""]
:flush
268500
:flush
[:XK_Up, ""]
:flush
[:XK_Up, ""]
269000
:flush
[:XK_Up, ""]
:flush
[:XK_Up, ""]
269500
[:XK_Up, ""]
:flush
:flush
[:XK_Up, ""]
270000
:flush
[:XK_Up, ""]
:flush
[:XK_Up, ""]
270500
:flush
[:XK_Up, ""]
:flush
[:XK_Up, ""]
271000
:flush
[:XK_Up, ""]
:flush
[:XK_Up, ""]
271500
:flush
[:XK_Up, ""]
:flush
[:XK_Up, ""]
272000
[:XK_Up, ""]
:flush
:flush
[:XK_Up, ""]
272500
:flush
[:XK_Up, ""]
:flush
[:XK_Up, ""]
273000
:flush
[:XK_Up, ""]
273500
[:XK_Up, ""]
:flush
:flush
[:XK_Control_L, ""]
["k", "\v"]
:flush
["k", "\v"]
274000
274500
275000
275500
:flush
276000
:flush
[:XK_Down, ""]
:flush
[:XK_Down, ""]
276500
:flush
[:XK_Down, ""]
:flush
[:XK_Down, ""]
277000
:flush
[:XK_Down, ""]
[:XK_Down, ""]
:flush
277500
:flush
[:XK_Down, ""]
:flush
[:XK_Down, ""]
278000
:flush
[:XK_Down, ""]
:flush
[:XK_Down, ""]
278500
[:XK_Down, ""]
:flush
:flush
[:XK_Down, ""]
279000
:flush
[:XK_Down, ""]
:flush
[:XK_Down, ""]
279500
:flush
[:XK_Down, ""]
:flush
[:XK_Down, ""]
280000
:flush
[:XK_Down, ""]
:flush
[:XK_Down, ""]
280500
:flush
[:XK_Down, ""]
:flush
[:XK_Down, ""]
281000
[:XK_Down, ""]
:flush
:flush
[:XK_Down, ""]
281500
:flush
[:XK_Down, ""]
:flush
[:XK_Down, ""]
282000
:flush
[:XK_Down, ""]
282500
[:XK_Down, ""]
:flush
:flush
[:XK_Down, ""]
283000
:flush
[:XK_Down, ""]
:flush
[:XK_Down, ""]
283500
:flush
[:XK_Down, ""]
[:XK_Down, ""]
:flush
284000
:flush
[:XK_Down, ""]
:flush
[:XK_Down, ""]
284500
:flush
[:XK_Down, ""]
:flush
[:XK_Down, ""]
285000
[:XK_Down, ""]
:flush
:flush
[:XK_Down, ""]
285500
:flush
[:XK_Down, ""]
:flush
[:XK_Down, ""]
286000
:flush
[:XK_Down, ""]
:flush
[:XK_Up, ""]
286500
:flush
[:XK_Up, ""]
:flush
[:XK_Up, ""]
287000
:flush
[:XK_Up, ""]
:flush
[:XK_Control_L, ""]
["y", "\x19"]
287500
:flush
[:XK_Up, ""]
288000
:flush
[:XK_Up, ""]
:flush
[:XK_Up, ""]
288500
:flush
[:XK_Up, ""]
:flush
[:XK_Up, ""]
289000
:flush
[:XK_Up, ""]
[:XK_Up, ""]
:flush
289500
:flush
[:XK_Up, ""]
:flush
[:XK_Up, ""]
290000
:flush
[:XK_Up, ""]
:flush
[:XK_Up, ""]
290500
[:XK_Up, ""]
:flush
291000
:flush
[:XK_Up, ""]
:flush
[:XK_Up, ""]
291500
:flush
[:XK_Up, ""]
:flush
[:XK_Up, ""]
292000
:flush
[:XK_Up, ""]
:flush
[:XK_Up, ""]
292500
:flush
[:XK_Up, ""]
:flush
[:XK_Up, ""]
293000
:flush
[:XK_Up, ""]
[:XK_Up, ""]
:flush
293500
:flush
[:XK_Up, ""]
:flush
[:XK_Up, ""]
294000
:flush
[:XK_Up, ""]
:flush
[:XK_Up, ""]
294500
[:XK_Up, ""]
:flush
:flush
[:XK_Up, ""]
295000
:flush
[:XK_Up, ""]
:flush
[:XK_Up, ""]
295500
:flush
[:XK_Up, ""]
[:XK_Up, ""]
:flush
296000
:flush
[:XK_Up, ""]
296500
:flush
[:XK_Up, ""]
:flush
[:XK_Up, ""]
297000
:flush
[:XK_Up, ""]
[:XK_Up, ""]
:flush
297500
:flush
[:XK_Up, ""]
:flush
[:XK_Up, ""]
298000
:flush
[:XK_Control_L, ""]
["k", "\v"]
:flush
["k", "\v"]
:flush
298500
299000
["\xE2", #<ArgumentError: invalid byte sequence in UTF-8>, #<UTF8Decoder:0x00007f4c32b4f7c8 @buffer="iles \e[38;5;0;48;5;11m+divide\e[0m                                                   \e[38;5;0;48m \e[22;1H\e[39;49m \e[38;5;87m   \xE2\x80", @last=127, @leftover="">]
WARNING: Should be int
["\x80", #<ArgumentError: invalid byte sequence in UTF-8>, #<UTF8Decoder:0x00007f4c32b4f7c8 @buffer="iles \e[38;5;0;48;5;11m+divide\e[0m                                                   \e[38;5;0;48m \e[22;1H\e[39;49m \e[38;5;87m   \xE2\x80", @last=127, @leftover="">]
WARNING: Should be int
["\xA2", #<ArgumentError: invalid byte sequence in UTF-8>, #<UTF8Decoder:0x00007f4c32b4f7c8 @buffer="\xA2\e[38;5;230m \e[38;5;52;1m(6)\e[38;5;230;22m Create ingress networking files\e[0m                                                 \e", @last=127, @leftover="">]
WARNING: Should be int
299500
300000
:flush
["k", "\v"]
:flush
["k", "\v"]
300500
301000
:flush
301500
["\xE2", #<ArgumentError: invalid byte sequence in UTF-8>, #<UTF8Decoder:0x00007f4c32b4f7c8 @buffer="are w/euprod dump\e[0m                                                               \e[38;5;230;48m \e[28;1H\e[39;49m \e[38;5;87m \xE2\x80", @last=127, @leftover="">]
WARNING: Should be int
["\x80", #<ArgumentError: invalid byte sequence in UTF-8>, #<UTF8Decoder:0x00007f4c32b4f7c8 @buffer="are w/euprod dump\e[0m                                                               \e[38;5;230;48m \e[28;1H\e[39;49m \e[38;5;87m \xE2\x80", @last=127, @leftover="">]
WARNING: Should be int
["\xA2", #<ArgumentError: invalid byte sequence in UTF-8>, #<UTF8Decoder:0x00007f4c32b4f7c8 @buffer="\xA2\e[38;5;230m \e[38;5;124;1m(3)\e[38;5;230;22m Passportsvc Helm chart \e[38;5;0;48;5;11m+divide\e[0m                                 ", @last=127, @leftover="">]
WARNING: Should be int
302000
302500
:flush
[:XK_Down, ""]
:flush
[:XK_Down, ""]
303000
:flush
[:XK_Control_L, ""]
["k", "\v"]
["k", "\v"]
303500
304000
:flush
304500
305000
:flush
["s", "\x13"]
305500
:flush
[:XK_Control_L, ""]
["y", "\x19"]
306000
["\xE2", #<ArgumentError: invalid byte sequence in UTF-8>, #<UTF8Decoder:0x00007f4c32b4f7c8 @buffer="Helm chart \e[38;5;0;48;5;11m+divide\e[0m                                             \e[38;5;0;48m \e[23;1H\e[39;49m \e[38;5;87m   \xE2\x80", @last=127, @leftover="">]
WARNING: Should be int
["\x80", #<ArgumentError: invalid byte sequence in UTF-8>, #<UTF8Decoder:0x00007f4c32b4f7c8 @buffer="Helm chart \e[38;5;0;48;5;11m+divide\e[0m                                             \e[38;5;0;48m \e[23;1H\e[39;49m \e[38;5;87m   \xE2\x80", @last=127, @leftover="">]
WARNING: Should be int
["\xA2", #<ArgumentError: invalid byte sequence in UTF-8>, #<UTF8Decoder:0x00007f4c32b4f7c8 @buffer="\xA2\e[38;5;230m Extract secrets (see passportsvc secrets section in values.yaml\e[0m                     \e[38;5;230;48m \e[24;1H\e[39;", @last=127, @leftover="">]
WARNING: Should be int
306500
307000
307500
:flush
[:XK_Up, ""]
:flush
[:XK_Up, ""]
308000
:flush
[:XK_Control_L, ""]
["k", "\v"]
:flush
[:XK_Shift_L, ""]
["#", "#"]
:flush
[" ", " "]
308500
:flush
[:XK_Shift_L, ""]
["#", "#"]
:flush
:flush
["#", "#"]
:flush
[:XK_Right, ""]
309000
:flush
[:XK_Up, ""]
:flush
[:XK_Up, ""]
309500
:flush
[:XK_Up, ""]
310000
:flush
[:XK_Up, ""]
:flush
[:enter, ""]
310500
311000
311500
:flush
312000
312500
:flush
[:XK_Shift_L, ""]
["#", "#"]
:flush
[" ", " "]
313000
[:XK_Shift_L, ""]
:flush
["#", "#"]
:flush
["#", "#"]
:flush
[:XK_Right, ""]
313500
:flush
[:XK_Control_L, ""]
["s", "\x13"]
:flush
[:XK_Down, ""]
314000
:flush
[:XK_Down, ""]
:flush
[:XK_Down, ""]
314500
:flush
[:XK_Down, ""]
:flush
[:XK_Super_L, ""]
[:XK_Down, ""]
315000
:flush
[:XK_Down, ""]
:flush
[:XK_Control_L, ""]
["k", "\v"]
:flush
["k", "\v"]
315500
["\xE2", #<ArgumentError: invalid byte sequence in UTF-8>, #<UTF8Decoder:0x00007f4c32b4f7c8 @buffer="c-telemetry-worker\e[0m                                                          \e[38;5;230;48m \e[16;1H\e[39;49m \e[38;5;87m     \xE2\x80", @last=127, @leftover="">]
WARNING: Should be int
["\x80", #<ArgumentError: invalid byte sequence in UTF-8>, #<UTF8Decoder:0x00007f4c32b4f7c8 @buffer="c-telemetry-worker\e[0m                                                          \e[38;5;230;48m \e[16;1H\e[39;49m \e[38;5;87m     \xE2\x80", @last=127, @leftover="">]
WARNING: Should be int
["\xA2", #<ArgumentError: invalid byte sequence in UTF-8>, #<UTF8Decoder:0x00007f4c32b4f7c8 @buffer="\xA2\e[38;5;230m ./job.batch/itemsvc-migrations.yaml\e[0m                                               \e[38;5;230;48m \e[17;1H\e[39;49", @last=127, @leftover="">]
WARNING: Should be int
:flush
316000
["\xE2", #<ArgumentError: invalid byte sequence in UTF-8>, #<UTF8Decoder:0x00007f4c32b4f7c8 @buffer="t secrets.\e[0m                                                                    \e[38;5;230;48m \e[30;1H\e[39;49m \e[38;5;87m   \xE2\x80", @last=127, @leftover="">]
WARNING: Should be int
["\x80", #<ArgumentError: invalid byte sequence in UTF-8>, #<UTF8Decoder:0x00007f4c32b4f7c8 @buffer="t secrets.\e[0m                                                                    \e[38;5;230;48m \e[30;1H\e[39;49m \e[38;5;87m   \xE2\x80", @last=127, @leftover="">]
WARNING: Should be int
["\xA2", #<ArgumentError: invalid byte sequence in UTF-8>, #<UTF8Decoder:0x00007f4c32b4f7c8 @buffer="\xA2\e[38;5;230m Figure out how to handle saml-keystore and startup.yml secrets.\e[0m                     \e[38;5;230;48m \e[31;1H\e[39;", @last=127, @leftover="">]
WARNING: Should be int
316500
317000
:flush
["s", "\x13"]
:flush
[:XK_Left, ""]
317500
["\xE2", #<ArgumentError: invalid byte sequence in UTF-8>, #<UTF8Decoder:0x00007f4c32b4f7c8 @buffer="1m+divide\e[38;2;255;255;255;48;2;128;32;128m \e[0m                                 \e[38;5;0;48m \e[13;1H\e[39;49m \e[38;5;87m     \xE2\x80", @last=127, @leftover="">]
WARNING: Should be int
["\x80", #<ArgumentError: invalid byte sequence in UTF-8>, #<UTF8Decoder:0x00007f4c32b4f7c8 @buffer="1m+divide\e[38;2;255;255;255;48;2;128;32;128m \e[0m                                 \e[38;5;0;48m \e[13;1H\e[39;49m \e[38;5;87m     \xE2\x80", @last=127, @leftover="">]
WARNING: Should be int
["\xA2", #<ArgumentError: invalid byte sequence in UTF-8>, #<UTF8Decoder:0x00007f4c32b4f7c8 @buffer="\xA2\e[38;5;230m itemsvc\e[0m                                                                           \e[38;5;230;48m \e[50;1H\e[39;49", @last=127, @leftover="">]
WARNING: Should be int
:flush
[:XK_Left, ""]
:flush
[:XK_Up, ""]
318000
:flush
[:XK_Right, ""]
:flush
[:XK_Right, ""]
318500
:flush
[:XK_Down, ""]
:flush
[:XK_Right, ""]
319000
:flush
[:XK_Right, ""]
:flush
[:XK_Right, ""]
:flush
[:XK_Right, ""]
319500
:flush
[:XK_Right, ""]
:flush
[:XK_Right, ""]
[:XK_Right, ""]
:flush
320000
:flush
[:XK_Up, ""]
:flush
[:XK_Right, ""]
:flush
[:XK_Right, ""]
320500
:flush
[:XK_Down, ""]
:flush
[:XK_Down, ""]
321000
:flush
[:XK_Down, ""]
:flush
[:XK_Down, ""]
321500
[:XK_Down, ""]
:flush
:flush
[:XK_Down, ""]
322000
:flush
[:XK_Down, ""]
:flush
[:XK_Up, ""]
322500
:flush
[:XK_Up, ""]
:flush
[:XK_Down, ""]
323000
:flush
[:XK_Up, ""]
:flush
[:XK_Up, ""]
323500
:flush
[:XK_Control_L, ""]
["a", "\x01"]
:flush
["k", "\v"]
:flush
["k", "\v"]
:flush
324000
324500
325000
:flush
["k", "\v"]
325500
:flush
["y", "\x19"]
:flush
326000
326500
327000
:flush
[:XK_Right, ""]
:flush
[:XK_Down, ""]
327500
:flush
[:XK_Down, ""]
:flush
[:XK_Control_L, ""]
[:XK_Down, ""]
328000
:flush
[:XK_Control_L, ""]
["y", "\x19"]
328500
:flush
329000
329500
:flush
[:enter, ""]
330000
:flush
330500
:flush
[:backspace, ""]
331000
:flush
[:backspace, ""]
:flush
[:backspace, ""]
:flush
[:backspace, ""]
:flush
[:XK_Control_L, ""]
["s", "\x13"]
331500
:flush
[:XK_Up, ""]
:flush
[:XK_Up, ""]
332000
:flush
[:XK_Up, ""]
:flush
[:XK_Up, ""]
332500
:flush
[:XK_Super_L, ""]
[:XK_Down, ""]
:flush
[:XK_Down, ""]
333000
:flush
:flush
[:XK_Up, ""]
:flush
[:XK_Up, ""]
333500
:flush
[:XK_Up, ""]
[:XK_Up, ""]
:flush
334000
:flush
[:XK_Up, ""]
:flush
[:XK_Up, ""]
334500
:flush
[:XK_Up, ""]
335000
:flush
[:XK_Down, ""]
:flush
[:XK_Down, ""]
335500
:flush
[:XK_Down, ""]
[:XK_Down, ""]
:flush
336000
:flush
[:XK_Down, ""]
:flush
[:XK_Down, ""]
336500
:flush
[:XK_Down, ""]
:flush
[:XK_Down, ""]
337000
[:XK_Down, ""]
:flush
[:XK_Down, ""]
:flush
337500
:flush
[:XK_Down, ""]
["\xE2", #<ArgumentError: invalid byte sequence in UTF-8>, #<UTF8Decoder:0x00007f4c32b4f7c8 @buffer="\e[0m                                             \e[38;5;0;48m \e[25;1H\e[39;49m \e[38;5;87m   \e[38;2;255;255;255;48;2;128;32;128m\xE2\x80", @last=127, @leftover="">]
WARNING: Should be int
["\x80", #<ArgumentError: invalid byte sequence in UTF-8>, #<UTF8Decoder:0x00007f4c32b4f7c8 @buffer="\e[0m                                             \e[38;5;0;48m \e[25;1H\e[39;49m \e[38;5;87m   \e[38;2;255;255;255;48;2;128;32;128m\xE2\x80", @last=127, @leftover="">]
WARNING: Should be int
["\xA2", #<ArgumentError: invalid byte sequence in UTF-8>, #<UTF8Decoder:0x00007f4c32b4f7c8 @buffer="\xA2\e[38;5;230;49m Extract secrets (see passportsvc secrets section in values.yaml\e[0m                     \e[38;5;230;48m ", @last=118, @leftover="">]
WARNING: Should be int
:flush
[:XK_Down, ""]
:flush
[:XK_Down, ""]
338000
:flush
[:XK_Down, ""]
[:XK_Down, ""]
:flush
338500
:flush
[:XK_Down, ""]
339000
:flush
[:XK_Down, ""]
:flush
[:XK_Down, ""]
339500
:flush
[:XK_Down, ""]
[:XK_Down, ""]
:flush
340000
:flush
[:XK_Down, ""]
:flush
[:XK_Down, ""]
340500
:flush
[:XK_Down, ""]
:flush
[:XK_Down, ""]
:flush
341000
[:XK_Down, ""]
:flush
:flush
[:XK_Down, ""]
341500
:flush
[:XK_Down, ""]
:flush
[:enter, ""]
342000
342500
:flush
[:XK_Up, ""]
:flush
[" ", " "]
:flush
[:XK_Shift_L, ""]
["*", "*"]
343000
:flush
[" ", " "]
:flush
[:XK_Shift_L, ""]
["(", "("]
:flush
["5", "5"]
343500
:flush
[:XK_Shift_L, ""]
[")", ")"]
:flush
[" ", " "]
:flush
[:XK_Shift_L, ""]
["B", "B"]
344000
:flush
["a", "a"]
:flush
["s", "s"]
:flush
["i", "i"]
344500
:flush
["c", "c"]
:flush
[" ", " "]
:flush
["d", "d"]
345000
:flush
["o", "o"]
:flush
["c", "c"]
:flush
["s", "s"]
345500
:flush
[" ", " "]
:flush
["o", "o"]
:flush
["f", "f"]
346000
:flush
[" ", " "]
:flush
[:XK_Shift_L, ""]
["I", "I"]
346500
:flush
["n", "n"]
:flush
["v", "v"]
:flush
["i", "i"]
347000
:flush
["c", "c"]
:flush
["a", "a"]
:flush
["r", "r"]
347500
:flush
["a", "a"]
:flush
[" ", " "]
:flush
["h", "h"]
348000
:flush
["e", "e"]
:flush
["l", "l"]
:flush
["p", "p"]
348500
:flush
["e", "e"]
:flush
["r", "r"]
:flush
[" ", " "]
349000
:flush
["t", "t"]
:flush
["e", "e"]
:flush
["m", "m"]
349500
:flush
["p", "p"]
:flush
["l", "l"]
:flush
["a", "a"]
350000
:flush
["t", "t"]
:flush
["e", "e"]
:flush
:flush
["s", "s"]
350500
:flush
[:enter, ""]
351000
:flush
[:backspace, ""]
:flush
[:backspace, ""]
351500
:flush
[:backspace, ""]
:flush
[:XK_Control_L, ""]
[:backspace, ""]
352000
:flush
[:XK_Control_L, ""]
["s", "\x13"]
352500
:flush
[:XK_Super_L, ""]
[:XK_Down, ""]
:flush
[:XK_Down, ""]
353000
:flush
[:XK_Super_L, ""]
[:XK_Up, ""]
:flush
[:XK_Up, ""]
353500
:flush
[:XK_Up, ""]
[:XK_Up, ""]
:flush
354000
[:XK_Up, ""]
:flush
:flush
[:XK_Up, ""]
354500
:flush
[:XK_Up, ""]
:flush
[:XK_Up, ""]
355000
:flush
[:XK_Up, ""]
[:XK_Up, ""]
:flush
355500
:flush
[:XK_Up, ""]
:flush
[:XK_Up, ""]
356000
:flush
[:XK_Up, ""]
:flush
[:XK_Up, ""]
356500
[:XK_Up, ""]
:flush
357000
:flush
[:XK_Up, ""]
:flush
[:XK_Up, ""]
357500
:flush
[:XK_Up, ""]
:flush
[:XK_Up, ""]
358000
[:XK_Up, ""]
:flush
:flush
[:XK_Up, ""]
358500
:flush
[:XK_Up, ""]
:flush
[:XK_Up, ""]
359000
:flush
[:XK_Up, ""]
[:XK_Up, ""]
:flush
359500
:flush
[:XK_Down, ""]
:flush
[:XK_Down, ""]
360000
:flush
[:XK_Down, ""]
:flush
[:XK_Down, ""]
360500
:flush
[:XK_Down, ""]
:flush
[:XK_Down, ""]
361000
:flush
[:XK_Left, ""]
:flush
[:XK_Left, ""]
361500
:flush
[:XK_Left, ""]
:flush
[:enter, ""]
362000
:flush
362500
363000
:flush
[:XK_Shift_L, ""]
["(", "("]
:flush
["6", "6"]
363500
:flush
[:backspace, ""]
:flush
["7", "7"]
:flush
[:XK_Shift_L, ""]
[")", ")"]
364000
:flush
[" ", " "]
:flush
["s", "s"]
:flush
["e", "e"]
364500
:flush
["c", "c"]
:flush
["r", "r"]
:flush
["e", "e"]
365000
:flush
["t", "t"]
:flush
["s", "s"]
:flush
[:enter, ""]
365500
:flush
366000
366500
:flush
[:backspace, ""]
:flush
[:backspace, ""]
:flush
[:tab, ""]
367000
:flush
[" ", " "]
:flush
[" ", " "]
:flush
[:XK_Shift_L, ""]
["*", "*"]
367500
:flush
[" ", " "]
:flush
["f", "f"]
:flush
["l", "l"]
368000
:flush
["y", "y"]
:flush
["w", "w"]
:flush
["a", "a"]
368500
:flush
["y", "y"]
:flush
[".", "."]
:flush
["s", "s"]
369000
:flush
["h", "h"]
:flush
[:enter, ""]
369500
["\xE2", #<ArgumentError: invalid byte sequence in UTF-8>, #<UTF8Decoder:0x00007f4c32b4f7c8 @buffer="ENV vars\e[0m                                                                      \e[38;5;230;48m \e[32;1H\e[39;49m \e[38;5;87m   \xE2\x80", @last=127, @leftover="">]
WARNING: Should be int
["\x80", #<ArgumentError: invalid byte sequence in UTF-8>, #<UTF8Decoder:0x00007f4c32b4f7c8 @buffer="ENV vars\e[0m                                                                      \e[38;5;230;48m \e[32;1H\e[39;49m \e[38;5;87m   \xE2\x80", @last=127, @leftover="">]
WARNING: Should be int
["\xA2", #<ArgumentError: invalid byte sequence in UTF-8>, #<UTF8Decoder:0x00007f4c32b4f7c8 @buffer="\xA2\e[38;5;230m Compare w/euprod dump\e[0m                                                               \e[38;5;230;48m \e[33;1H\e[39;", @last=127, @leftover="">]
WARNING: Should be int
370000
370500
:flush
["s", "s"]
:flush
["t", "t"]
:flush
["a", "a"]
371000
:flush
["r", "r"]
:flush
["t", "t"]
:flush
["u", "u"]
371500
:flush
["p", "p"]
:flush
[".", "."]
:flush
["j", "j"]
372000
:flush
["s", "s"]
:flush
["o", "o"]
:flush
["n", "n"]
372500
:flush
[:enter, ""]
:flush
["\xE2", #<ArgumentError: invalid byte sequence in UTF-8>, #<UTF8Decoder:0x00007f4c32b4f7c8 @buffer="ENV vars\e[0m                                                                      \e[38;5;230;48m \e[33;1H\e[39;49m \e[38;5;87m   \xE2\x80", @last=127, @leftover="">]
WARNING: Should be int
["\x80", #<ArgumentError: invalid byte sequence in UTF-8>, #<UTF8Decoder:0x00007f4c32b4f7c8 @buffer="ENV vars\e[0m                                                                      \e[38;5;230;48m \e[33;1H\e[39;49m \e[38;5;87m   \xE2\x80", @last=127, @leftover="">]
WARNING: Should be int
["\xA2", #<ArgumentError: invalid byte sequence in UTF-8>, #<UTF8Decoder:0x00007f4c32b4f7c8 @buffer="\xA2\e[38;5;230m Compare w/euprod dump\e[0m                                                               \e[38;5;230;48m \e[34;1H\e[39;", @last=127, @leftover="">]
WARNING: Should be int
373000
373500
:flush
[:XK_Super_L, ""]
["n", "n"]
:flush
["e", "e"]
374000
:flush
["w", "w"]
:flush
["r", "r"]
:flush
["e", "e"]
374500
:flush
["l", "l"]
:flush
["y", "y"]
:flush
[:backspace, ""]
375000
:flush
["i", "i"]
:flush
["c", "c"]
:flush
[".", "."]
375500
:flush
["y", "y"]
:flush
["a", "a"]
:flush
["m", "m"]
376000
:flush
["l", "l"]
:flush
[:XK_Control_L, ""]
[:backspace, ""]
:flush
[:backspace, ""]
376500
:flush
[:backspace, ""]
:flush
["m", "m"]
:flush
["l", "l"]
377000
:flush
[:XK_Control_L, ""]
["s", "\x13"]
:flush
[:XK_Super_L, ""]
#<X11::Form::ButtonPress:0x00007f4c3295ff08 @code=4, @detail=1, @sequence_number=33288, @time=483773236, @root=1730, @event=142606336, @child=0, @root_x=415, @root_y=154, @event_x=392, @event_y=131, @state=0, @same_screen=true>
[:btn_event, :digits]
[X11::Form::ButtonPress, false]
"\e[<0;40;7M"
377500
:flush
#<X11::Form::MotionNotify:0x00007f4c3295a468 @code=6, @detail=0, @sequence_number=33301, @time=483773267, @root=1730, @event=142606336, @child=0, @root_x=415, @root_y=154, @event_x=392, @event_y=131, @state=256, @same_screen=true>
[:btn_event, :digits]
[X11::Form::MotionNotify, false]
"\e[<32;40;7M"
#<X11::Form::ButtonRelease:0x00007f4c3295a148 @code=5, @detail=1, @sequence_number=33301, @time=483773372, @root=1730, @event=142606336, @child=0, @root_x=415, @root_y=154, @event_x=392, @event_y=131, @state=256, @same_screen=true>
[:btn_event, :digits]
[X11::Form::ButtonRelease, true]
"\e[<0;40;7m"
:flush
[:XK_Right, ""]
:flush
[:XK_Down, ""]
378000
:flush
[:XK_Down, ""]
:flush
[:XK_Down, ""]
378500
:flush
[:XK_Down, ""]
:flush
[:XK_Left, ""]
379000
:flush
[:enter, ""]
379500
:flush
380000
380500
["\xE2", #<ArgumentError: invalid byte sequence in UTF-8>, #<UTF8Decoder:0x00007f4c32b4f7c8 @buffer="art \e[38;5;0;48;5;11m+divide\e[0m                                                    \e[38;5;0;48m \e[36;1H\e[39;49m \e[38;5;87m   \xE2\x80", @last=127, @leftover="">]
WARNING: Should be int
["\x80", #<ArgumentError: invalid byte sequence in UTF-8>, #<UTF8Decoder:0x00007f4c32b4f7c8 @buffer="art \e[38;5;0;48;5;11m+divide\e[0m                                                    \e[38;5;0;48m \e[36;1H\e[39;49m \e[38;5;87m   \xE2\x80", @last=127, @leftover="">]
WARNING: Should be int
["\xA2", #<ArgumentError: invalid byte sequence in UTF-8>, #<UTF8Decoder:0x00007f4c32b4f7c8 @buffer="\xA2\e[38;5;230m Extract secrets.\e[0m                                                                    \e[38;5;230;48m \e[37;1H\e[39;", @last=127, @leftover="">]
WARNING: Should be int
381000
:flush
[:backspace, ""]
:flush
[:backspace, ""]
381500
:flush
[" ", " "]
:flush
[" ", " "]
:flush
:flush
[:XK_Shift_L, ""]
["*", "*"]
382000
:flush
[" ", " "]
:flush
[:XK_Shift_L, ""]
["+", "+"]
:flush
["S", "S"]
382500
:flush
["T", "T"]
:flush
["A", "A"]
:flush
["T", "T"]
383000
:flush
["U", "U"]
:flush
["S", "S"]
:flush
[" ", " "]
383500
:flush
[:XK_Shift_L, ""]
[:backspace, ""]
:flush
[" ", " "]
:flush
[:XK_Shift_L, ""]
[:backspace, ""]
384000
:flush
[:backspace, ""]
:flush
[:backspace, ""]
:flush
[:backspace, ""]
384500
:flush
[:backspace, ""]
:flush
[:backspace, ""]
:flush
[:backspace, ""]
385000
:flush
[:backspace, ""]
:flush
[:XK_Shift_L, ""]
["@", "@"]
:flush
["S", "S"]
385500
:flush
["T", "T"]
:flush
["A", "A"]
:flush
["T", "T"]
386000
:flush
["U", "U"]
:flush
["S", "S"]
:flush
[" ", " "]
386500
:flush
[:XK_Shift_L, ""]
[:backspace, ""]
[:XK_Shift_L, ""]
:flush
[" ", " "]
:flush
[:XK_Shift_L, ""]
["L", "L"]
387000
:flush
[:backspace, ""]
:flush
[:XK_Shift_L, ""]
[":", ":"]
:flush
[:backspace, ""]
387500
:flush
[:XK_Shift_L, ""]
[:backspace, ""]
:flush
[":", ":"]
:flush
:flush
[" ", " "]
388000
:flush
[:XK_Shift_L, ""]
["M", "M"]
:flush
[:backspace, ""]
:flush
[:XK_Shift_L, ""]
["+", "+"]
388500
:flush
["M", "M"]
:flush
["O", "O"]
:flush
["S", "S"]
:flush
389000
:flush
["T", "T"]
:flush
["L", "L"]
:flush
["Y", "Y"]
389500
:flush
[" ", " "]
:flush
[:XK_Shift_L, ""]
["+", "+"]
:flush
["D", "D"]
390000
:flush
["O", "O"]
:flush
["N", "N"]
:flush
["E", "E"]
390500
:flush
[" ", " "]
:flush
["-", "-"]
:flush
["-", "-"]
391000
:flush
["-", "-"]
:flush
[:backspace, ""]
:flush
[" ", " "]
391500
:flush
["n", "n"]
:flush
["e", "e"]
:flush
["e", "e"]
392000
:flush
["d", "d"]
:flush
[" ", " "]
:flush
["t", "t"]
392500
:flush
["o", "o"]
:flush
[" ", " "]
:flush
["v", "v"]
393000
:flush
["a", "a"]
:flush
:flush
[:backspace, ""]
:flush
[:backspace, ""]
393500
:flush
["o", "o"]
:flush
[:backspace, ""]
:flush
["s", "s"]
394000
:flush
["o", "o"]
:flush
["r", "r"]
:flush
["t", "t"]
394500
:flush
[" ", " "]
:flush
["o", "o"]
:flush
["u", "u"]
395000
:flush
["t", "t"]
:flush
[" ", " "]
:flush
["s", "s"]
395500
:flush
["e", "e"]
:flush
["c", "c"]
:flush
["r", "r"]
396000
:flush
["e", "e"]
:flush
["t", "t"]
:flush
["s", "s"]
396500
:flush
[",", ","]
:flush
[" ", " "]
:flush
["a", "a"]
397000
:flush
["n", "n"]
:flush
["d", "d"]
397500
:flush
[" ", " "]
:flush
["t", "t"]
:flush
["h", "h"]
398000
:flush
["e", "e"]
:flush
["n", "n"]
:flush
[" ", " "]
398500
:flush
["t", "t"]
:flush
["e", "e"]
:flush
["s", "s"]
399000
:flush
["t", "t"]
:flush
[".", "."]
:flush
[:XK_Control_L, ""]
["s", "\x13"]
399500
:flush
[:XK_Down, ""]
:flush
[:XK_Down, ""]
400000
:flush
[:XK_Down, ""]
:flush
:flush
[:XK_Right, ""]
:flush
[:XK_Up, ""]
400500
:flush
[:XK_Up, ""]
:flush
[:XK_Right, ""]
401000
:flush
[:XK_Down, ""]
:flush
[:XK_Right, ""]
401500
:flush
[:XK_Up, ""]
:flush
[:XK_Up, ""]
402000
:flush
[:XK_Right, ""]
:flush
[:XK_Right, ""]
:flush
[:XK_Right, ""]
402500
:flush
[:XK_Right, ""]
:flush
[:XK_Left, ""]
:flush
[:XK_Control_L, ""]
["d", "\x04"]
403000
403500
404000
:flush
404500
:flush
[:XK_Down, ""]
405000
:flush
[:XK_Super_L, ""]
[:XK_Super_L, ""]
[:XK_Super_L, ""]
[:should_redraw]
[:enforce_height, 23, 50]
405500
406000
406500
407000
:flush
[:should_redraw]
[:enforce_height, 24, 24]
:flush
407500
408000
408500
409000
:flush
[:enforce_height, 23, 25]
409500
410000
410500
411000
:flush
[:XK_Super_L, ""]
[:XK_Shift_L, ""]
[:should_redraw]
[:enforce_height, 49, 24]
411500
412000
["\xE2", #<ArgumentError: invalid byte sequence in UTF-8>, #<UTF8Decoder:0x00007f4c32b4f7c8 @buffer="1H\e[39;49m \e[38;5;87m     \e[38;5;230m flyway.sh\e[0m                          \e[38;5;230;48m \e[21;1H\e[39;49m \e[38;5;87m     \xE2\x80", @last=127, @leftover="">]
WARNING: Should be int
["\x80", #<ArgumentError: invalid byte sequence in UTF-8>, #<UTF8Decoder:0x00007f4c32b4f7c8 @buffer="1H\e[39;49m \e[38;5;87m     \e[38;5;230m flyway.sh\e[0m                          \e[38;5;230;48m \e[21;1H\e[39;49m \e[38;5;87m     \xE2\x80", @last=127, @leftover="">]
WARNING: Should be int
["\xA2", #<ArgumentError: invalid byte sequence in UTF-8>, #<UTF8Decoder:0x00007f4c32b4f7c8 @buffer="\xA2\e[38;5;230m startup.json\e[0m                       \e[38;5;230;48m \e[22;1H\e[39;49m \e[38;5;87m     \e[38;5;230m newrelic.yml\e[0", @last=127, @leftover="">]
WARNING: Should be int
:flush
:flush
[:enforce_height, 49, 50]
[:should_redraw]
[:enforce_height, 23, 49]
412500
413000
413500
414000
:flush
[:should_redraw]
[:enforce_height, 49, 24]
414500
:flush
415000
["\xE2", #<ArgumentError: invalid byte sequence in UTF-8>, #<UTF8Decoder:0x00007f4c32b4f7c8 @buffer="1H\e[39;49m \e[38;5;87m     \e[38;5;230m flyway.sh\e[0m                          \e[38;5;230;48m \e[21;1H\e[39;49m \e[38;5;87m     \xE2\x80", @last=127, @leftover="">]
WARNING: Should be int
["\x80", #<ArgumentError: invalid byte sequence in UTF-8>, #<UTF8Decoder:0x00007f4c32b4f7c8 @buffer="1H\e[39;49m \e[38;5;87m     \e[38;5;230m flyway.sh\e[0m                          \e[38;5;230;48m \e[21;1H\e[39;49m \e[38;5;87m     \xE2\x80", @last=127, @leftover="">]
WARNING: Should be int
["\xA2", #<ArgumentError: invalid byte sequence in UTF-8>, #<UTF8Decoder:0x00007f4c32b4f7c8 @buffer="\xA2\e[38;5;230m startup.json\e[0m                       \e[38;5;230;48m \e[22;1H\e[39;49m \e[38;5;87m     \e[38;5;230m newrelic.yml\e[0", @last=127, @leftover="">]
WARNING: Should be int
:flush
[:should_redraw]
[:enforce_height, 49, 50]
[:should_redraw]
[:enforce_height, 49, 49]
[:should_redraw]
[:enforce_height, 49, 49]
415500
416000
[:should_redraw]
[:enforce_height, 49, 49]
:flush
416500
[:should_redraw]
[:enforce_height, 49, 49]
417000
[:should_redraw]
[:enforce_height, 49, 50]
417500
418000
[:should_redraw]
[:enforce_height, 49, 49]
418500
["\xE2", #<ArgumentError: invalid byte sequence in UTF-8>, #<UTF8Decoder:0x00007f4c32b4f7c8 @buffer="8;1H\e[39;49m \e[38;5;87m   \e[38;5;230m Compare w/euprod dump\e[0m                  \e[38;5;230;48m \e[29;1H\e[39;49m \e[38;5;87m \xE2\x80", @last=127, @leftover="">]
WARNING: Should be int
["\x80", #<ArgumentError: invalid byte sequence in UTF-8>, #<UTF8Decoder:0x00007f4c32b4f7c8 @buffer="8;1H\e[39;49m \e[38;5;87m   \e[38;5;230m Compare w/euprod dump\e[0m                  \e[38;5;230;48m \e[29;1H\e[39;49m \e[38;5;87m \xE2\x80", @last=127, @leftover="">]
WARNING: Should be int
["\xA2", #<ArgumentError: invalid byte sequence in UTF-8>, #<UTF8Decoder:0x00007f4c32b4f7c8 @buffer="\xA2\e[38;5;230m \e[38;5;124;1m(3)\e[38;5;230;22m Passportsvc Helm chart \e[38;5;0;48;5;11m+divide\e[0m       \e[38;5;0;48m \e[30;1H\e[39;4", @last=127, @leftover="">]
WARNING: Should be int
419000
["\xE2", #<ArgumentError: invalid byte sequence in UTF-8>, #<UTF8Decoder:0x00007f4c32b4f7c8 @buffer="t\e[33m\e[41;1H\e[39;49m \e[38;5;230m  \e[0m                                          \e[38;5;230;48m \e[42;1H\e[39;49m \e[38;5;87m \xE2\x80", @last=127, @leftover="">]
WARNING: Should be int
["\x80", #<ArgumentError: invalid byte sequence in UTF-8>, #<UTF8Decoder:0x00007f4c32b4f7c8 @buffer="t\e[33m\e[41;1H\e[39;49m \e[38;5;230m  \e[0m                                          \e[38;5;230;48m \e[42;1H\e[39;49m \e[38;5;87m \xE2\x80", @last=127, @leftover="">]
WARNING: Should be int
[:should_redraw]
[:enforce_height, 49, 49]
["\xA2", #<ArgumentError: invalid byte sequence in UTF-8>, #<UTF8Decoder:0x00007f4c32b4f7c8 @buffer="\xA2\e[38;5;230m \e[38;5;88;1m(5)\e[38;5;230;22m \e[38;5;0;48;5;11m+Call\e[38;5;230;49m w/Brian\e[0m                        \e[38;5;230;48", @last=127, @leftover="">]
WARNING: Should be int
["\xE2", #<ArgumentError: invalid byte sequence in UTF-8>, #<UTF8Decoder:0x00007f4c32b4f7c8 @buffer="8;5;209;1m(B)\e[38;5;230;22m Autism assessment documents. \e[38;5;0;48;5;11m+Email\e[0m  \e[38;5;0;48m \e[48;1H\e[39;49m \e[38;5;87m \xE2\x80", @last=127, @leftover="">]
WARNING: Should be int
["\x80", #<ArgumentError: invalid byte sequence in UTF-8>, #<UTF8Decoder:0x00007f4c32b4f7c8 @buffer="8;5;209;1m(B)\e[38;5;230;22m Autism assessment documents. \e[38;5;0;48;5;11m+Email\e[0m  \e[38;5;0;48m \e[48;1H\e[39;49m \e[38;5;87m \xE2\x80", @last=127, @leftover="">]
WARNING: Should be int
["\xA2", #<ArgumentError: invalid byte sequence in UTF-8>, #<UTF8Decoder:0x00007f4c32b4f7c8 @buffer="\xA2\e[38;5;230m \e[38;5;209;1m(B)\e[38;5;230;22m Review/roll-up stream archive\e[0m        \e[38;5;230;48m \e[49;1H\e[39;49m \e[38;5;87m ", @last=126, @leftover="\xE2">]
WARNING: Should be int
:flush
[:should_redraw]
[:enforce_height, 49, 50]
419500
420000
420500
[:should_redraw]
[:enforce_height, 49, 49]
421000
[:should_redraw]
[:enforce_height, 49, 49]
421500
[:should_redraw]
[:enforce_height, 49, 50]
422000
["\xE2", #<ArgumentError: invalid byte sequence in UTF-8>, #<UTF8Decoder:0x00007f4c32b4f7c8 @buffer=";49m \e[38;5;87m     \e[38;5;230m ./job.batch/itemsvc-migrations.yaml\e[0m      \e[38;5;230;48m \e[17;1H\e[39;49m \e[38;5;87m     \xE2\x80", @last=127, @leftover="">]
WARNING: Should be int
["\x80", #<ArgumentError: invalid byte sequence in UTF-8>, #<UTF8Decoder:0x00007f4c32b4f7c8 @buffer=";49m \e[38;5;87m     \e[38;5;230m ./job.batch/itemsvc-migrations.yaml\e[0m      \e[38;5;230;48m \e[17;1H\e[39;49m \e[38;5;87m     \xE2\x80", @last=127, @leftover="">]
WARNING: Should be int
["\xA2", #<ArgumentError: invalid byte sequence in UTF-8>, #<UTF8Decoder:0x00007f4c32b4f7c8 @buffer="\xA2\e[38;5;230m ./job.batch/itemsvc-rdbms-migrations.yaml\e[33m\e[18;1H\e[39;49m \e[38;5;87m   \e[38;5;230m \e[38;5;52;1m(6)\e[38;5;", @last=127, @leftover="">]
WARNING: Should be int
:flush
[:should_redraw]
[:enforce_height, 49, 49]
422500
423000
[:should_redraw]
[:enforce_height, 49, 49]
423500
[:should_redraw]
[:enforce_height, 49, 50]
424000
424500
[:should_redraw]
[:enforce_height, 49, 49]
425000
425500
[:should_redraw]
[:enforce_height, 49, 49]
:flush
426000
[:should_redraw]
[:enforce_height, 49, 50]
426500
427000
[:should_redraw]
[:enforce_height, 49, 49]
427500
428000
[:should_redraw]
[:enforce_height, 49, 49]
428500
[:should_redraw]
[:enforce_height, 49, 49]
:flush
429000
[:should_redraw]
[:enforce_height, 49, 50]
[:should_redraw]
[:enforce_height, 49, 49]
429500
["\xE2", #<ArgumentError: invalid byte sequence in UTF-8>, #<UTF8Decoder:0x00007f4c32b4f7c8 @buffer="m     \e[38;5;230m flyway.sh\e[0m                                              \e[38;5;230;48m \e[21;1H\e[39;49m \e[38;5;87m     \xE2\x80", @last=127, @leftover="">]
WARNING: Should be int
["\x80", #<ArgumentError: invalid byte sequence in UTF-8>, #<UTF8Decoder:0x00007f4c32b4f7c8 @buffer="m     \e[38;5;230m flyway.sh\e[0m                                              \e[38;5;230;48m \e[21;1H\e[39;49m \e[38;5;87m     \xE2\x80", @last=127, @leftover="">]
WARNING: Should be int
["\xA2", #<ArgumentError: invalid byte sequence in UTF-8>, #<UTF8Decoder:0x00007f4c32b4f7c8 @buffer="\xA2\e[38;5;230m startup.json\e[0m                                           \e[38;5;230;48m \e[22;1H\e[39;49m \e[38;5;87m     \e[38;5;", @last=127, @leftover="">]
WARNING: Should be int
430000
430500
431000
:flush
431500
432000
432500
433000
433500
434000
434500
435000
435500
436000
[:should_redraw]
[:enforce_height, 49, 50]
[:should_redraw]
[:enforce_height, 49, 49]
436500
[:should_redraw]
[:enforce_height, 49, 49]
[:should_redraw]
[:enforce_height, 49, 49]
437000
437500
[:should_redraw]
[:enforce_height, 49, 49]
438000
[:should_redraw]
[:enforce_height, 49, 50]
438500
439000
439500
440000
:flush
440500
441000
441500
442000
442500
443000
443500
444000
444500
:flush
[:should_redraw]
[:enforce_height, 49, 50]
[:should_redraw]
[:enforce_height, 49, 49]
[:should_redraw]
[:enforce_height, 49, 49]
[:should_redraw]
[:enforce_height, 49, 49]
[:should_redraw]
[:enforce_height, 49, 49]
[:should_redraw]
[:enforce_height, 49, 49]
[:should_redraw]
[:enforce_height, 49, 49]
[:should_redraw]
[:enforce_height, 49, 49]
445000
445500
446000
446500
447000
447500
448000
:flush
448500
449000
:flush
449500
:flush
[:should_redraw]
[:enforce_height, 49, 50]
[:should_redraw]
[:enforce_height, 49, 49]
[:should_redraw]
[:enforce_height, 49, 49]
[:should_redraw]
[:enforce_height, 49, 49]
450000
450500
451000
451500
452000
452500
:flush
[:should_redraw]
[:enforce_height, 49, 50]
[:should_redraw]
[:enforce_height, 49, 49]
[:should_redraw]
[:enforce_height, 49, 49]
453000
453500
454000
454500
455000
455500
:flush
456000
["\xE2", #<ArgumentError: invalid byte sequence in UTF-8>, #<UTF8Decoder:0x00007f4c32b4f7c8 @buffer=";49m \e[38;5;87m   \e[38;5;230m Figure out how to handle saml-keystore and startup.yml s\e[33m\e[32;1H\e[39;49m \e[38;5;87m   \xE2\x80", @last=127, @leftover="">]
WARNING: Should be int
["\x80", #<ArgumentError: invalid byte sequence in UTF-8>, #<UTF8Decoder:0x00007f4c32b4f7c8 @buffer=";49m \e[38;5;87m   \e[38;5;230m Figure out how to handle saml-keystore and startup.yml s\e[33m\e[32;1H\e[39;49m \e[38;5;87m   \xE2\x80", @last=127, @leftover="">]
WARNING: Should be int
["\xA2", #<ArgumentError: invalid byte sequence in UTF-8>, #<UTF8Decoder:0x00007f4c32b4f7c8 @buffer="\xA2\e[38;5;230m Reorg ENV vars\e[0m                                          \e[38;5;230;48m \e[33;1H\e[39;49m \e[38;5;87m   \e[38;5;2", @last=127, @leftover="">]
WARNING: Should be int
456500
:flush
[:should_redraw]
[:enforce_height, 49, 50]
[:should_redraw]
[:enforce_height, 49, 49]
[:should_redraw]
[:enforce_height, 49, 49]
[:should_redraw]
[:enforce_height, 49, 49]
[:should_redraw]
[:enforce_height, 49, 49]
457000
457500
458000
458500
459000
459500
:flush
460000
:flush
[:should_redraw]
[:enforce_height, 49, 50]
[:should_redraw]
[:enforce_height, 49, 49]
[:should_redraw]
[:enforce_height, 49, 49]
[:should_redraw]
[:enforce_height, 49, 49]
[:should_redraw]
[:enforce_height, 49, 49]
[:should_redraw]
[:enforce_height, 49, 49]
[:should_redraw]
[:enforce_height, 49, 49]
[:should_redraw]
[:enforce_height, 49, 49]
460500
461000
461500
462000
462500
463000
:flush
[:should_redraw]
[:enforce_height, 49, 50]
[:should_redraw]
[:enforce_height, 49, 49]
[:should_redraw]
[:enforce_height, 49, 49]
[:should_redraw]
[:enforce_height, 49, 49]
463500
464000
464500
465000
465500
[:should_redraw]
[:enforce_height, 49, 49]
466000
[:should_redraw]
[:enforce_height, 49, 49]
[:should_redraw]
[:enforce_height, 49, 50]
:flush
466500
467000
467500
468000
468500
[:should_redraw]
[:enforce_height, 49, 49]
469000
[:should_redraw]
[:enforce_height, 49, 50]
[:should_redraw]
[:enforce_height, 49, 49]
[:should_redraw]
[:enforce_height, 49, 49]
469500
470000
[:should_redraw]
[:enforce_height, 49, 49]
470500
:flush
471000
471500
472000
472500
["\xE2", #<ArgumentError: invalid byte sequence in UTF-8>, #<UTF8Decoder:0x00007f4c32b4f7c8 @buffer=";230;22m Create job yaml files \e[38;5;0;48;5;11m+divide\e[0m                       \e[38;5;0;48m \e[16;1H\e[39;49m \e[38;5;87m     \xE2\x80", @last=127, @leftover="">]
WARNING: Should be int
["\x80", #<ArgumentError: invalid byte sequence in UTF-8>, #<UTF8Decoder:0x00007f4c32b4f7c8 @buffer=";230;22m Create job yaml files \e[38;5;0;48;5;11m+divide\e[0m                       \e[38;5;0;48m \e[16;1H\e[39;49m \e[38;5;87m     \xE2\x80", @last=127, @leftover="">]
WARNING: Should be int
["\xA2", #<ArgumentError: invalid byte sequence in UTF-8>, #<UTF8Decoder:0x00007f4c32b4f7c8 @buffer="\xA2\e[38;5;230m ./job.batch/itemsvc-migrations.yaml\e[0m                   \e[38;5;230;48m \e[17;1H\e[39;49m \e[38;5;87m     \e[38;5;2", @last=127, @leftover="">]
WARNING: Should be int
473000
[:should_redraw]
[:enforce_height, 49, 50]
473500
["\xE2", #<ArgumentError: invalid byte sequence in UTF-8>, #<UTF8Decoder:0x00007f4c32b4f7c8 @buffer=";230;22m Passportsvc Helm chart \e[38;5;0;48;5;11m+divide\e[0m                        \e[38;5;0;48m \e[30;1H\e[39;49m \e[38;5;87m   \xE2\x80", @last=127, @leftover="">]
WARNING: Should be int
["\x80", #<ArgumentError: invalid byte sequence in UTF-8>, #<UTF8Decoder:0x00007f4c32b4f7c8 @buffer=";230;22m Passportsvc Helm chart \e[38;5;0;48;5;11m+divide\e[0m                        \e[38;5;0;48m \e[30;1H\e[39;49m \e[38;5;87m   \xE2\x80", @last=127, @leftover="">]
WARNING: Should be int
["\xA2", #<ArgumentError: invalid byte sequence in UTF-8>, #<UTF8Decoder:0x00007f4c32b4f7c8 @buffer="\xA2\e[38;5;230m Extract secrets.\e[0m                                        \e[38;5;230;48m \e[31;1H\e[39;49m \e[38;5;87m   \e[38;5;2", @last=127, @leftover="">]
WARNING: Should be int
474000
474500
:flush
:flush
[:should_redraw]
[:enforce_height, 49, 50]
[:should_redraw]
[:enforce_height, 49, 49]
[:should_redraw]
[:enforce_height, 49, 49]
[:should_redraw]
[:enforce_height, 49, 49]
[:should_redraw]
[:enforce_height, 49, 49]
[:should_redraw]
[:enforce_height, 49, 49]
[:should_redraw]
[:enforce_height, 49, 49]
475000
475500
:flush
[:should_redraw]
[:enforce_height, 49, 49]
476000
476500
[:should_redraw]
[:enforce_height, 49, 49]
477000
477500
[:should_redraw]
[:enforce_height, 49, 49]
[:should_redraw]
[:enforce_height, 49, 50]
:flush
478000
478500
:flush
[:should_redraw]
[:enforce_height, 49, 50]
[:should_redraw]
[:enforce_height, 49, 49]
479000
479500
:flush
480000
480500
481000
481500
:flush
[:should_redraw]
[:enforce_height, 49, 50]
[:should_redraw]
[:enforce_height, 49, 49]
[:should_redraw]
[:enforce_height, 49, 49]
482000
:flush
482500
[:should_redraw]
[:enforce_height, 49, 49]
483000
[:should_redraw]
[:enforce_height, 49, 49]
483500
484000
[:should_redraw]
[:enforce_height, 49, 49]
484500
485000
[:should_redraw]
[:enforce_height, 49, 50]
485500
486000
:flush
486500
[:should_redraw]
[:enforce_height, 49, 49]
487000
487500
[:should_redraw]
[:enforce_height, 49, 50]
488000
488500
:flush
489000
["\xE2", #<ArgumentError: invalid byte sequence in UTF-8>, #<UTF8Decoder:0x00007f4c32b4f7c8 @buffer="m     \e[38;5;230m startup.json\e[0m                                           \e[38;5;230;48m \e[22;1H\e[39;49m \e[38;5;87m     \xE2\x80", @last=127, @leftover="">]
WARNING: Should be int
["\x80", #<ArgumentError: invalid byte sequence in UTF-8>, #<UTF8Decoder:0x00007f4c32b4f7c8 @buffer="m     \e[38;5;230m startup.json\e[0m                                           \e[38;5;230;48m \e[22;1H\e[39;49m \e[38;5;87m     \xE2\x80", @last=127, @leftover="">]
WARNING: Should be int
["\xA2", #<ArgumentError: invalid byte sequence in UTF-8>, #<UTF8Decoder:0x00007f4c32b4f7c8 @buffer="\xA2\e[38;5;230m newrelic.yml\e[0m                                           \e[38;5;230;48m \e[23;1H\e[39;49m \e[38;5;87m \e[38;5;230m", @last=127, @leftover="">]
WARNING: Should be int
489500
490000
490500
:flush
[:should_redraw]
[:enforce_height, 34, 50]
491000
491500
492000
492500
493000
:flush
[:should_redraw]
[:enforce_height, 35, 35]
493500
494000
:flush
494500
495000
495500
496000
:flush
[:enforce_height, 34, 36]
496500
:flush
497000
497500
498000
498500
499000
:flush
[:should_redraw]
[:enforce_height, 48, 35]
499500
500000
500500
501000
501500
502000
:flush
[:XK_Control_L, ""]
["q", "\x11"]
:clear_screen
[:TRACK, :scroll_start=, nil, nil]
[:TRACK, :scroll_end=, nil, nil]
nil
